[dwarf-cov] surface=applyblock seconds=28800 corpus=/opt/corpora/conwaytx
[*] Spinning up the fork server...
[+] All right - new fork server model v1 is up.
[*] Target map size: 2072214
    To avoid having crashes misinterpreted as timeouts, please 
[+] Loaded a total of 12 seeds.
    len = 371, map size = 19257, exec speed = 80900 us, hash = 3318e25900e53f08
    len = 371, map size = 19257, exec speed = 77026 us, hash = 94f752187b1ef153
    len = 312, map size = 18913, exec speed = 76787 us, hash = 84626fc68e9c81b1
    len = 371, map size = 19257, exec speed = 76888 us, hash = 575005f1166c9db6
    len = 371, map size = 19257, exec speed = 75410 us, hash = f5ddb4626ad769cf
    len = 312, map size = 18913, exec speed = 76588 us, hash = b7827b3ab791dd97
    len = 312, map size = 18913, exec speed = 74912 us, hash = 988b6e3098def3f5
    len = 312, map size = 18913, exec speed = 75962 us, hash = 84626fc68e9c81b1
    len = 312, map size = 18913, exec speed = 76090 us, hash = 84626fc68e9c81b1
    len = 312, map size = 18913, exec speed = 75810 us, hash = 84626fc68e9c81b1
    len = 371, map size = 19256, exec speed = 75305 us, hash = fa7e537b7d6e7701
    len = 371, map size = 19257, exec speed = 78203 us, hash = fa7e537b7d6e7701
[+] All set and ready to roll!
[*] Fuzzing test case #6 (12 total, 0 crashes saved, state: started :-), mode=explore, perf_score=100, weight=1, favorite=1, was_fuzzed=0, exec_us=74912, hits=0, map=18913, ascii=0, run_time=0:00:00:00, cvg=0.95%) FS (t=0:00:00:00 (0.00%), st=0, avg=0 ms, found=0/0)...
[*] Fuzzing test case #782 (792 total, 0 crashes saved, state: in progress, mode=explore, perf_score=100, weight=1, favorite=1, was_fuzzed=0, exec_us=11980, hits=0, map=283, ascii=0, run_time=0:00:27:17, cvg=1.16%) FS (t=0:00:02:45 (10.10%), st=11233, avg=1532 ms, found=99/108)...
[*] Fuzzing test case #986 (993 total, 0 crashes saved, state: in progress, mode=explore, perf_score=74, weight=1, favorite=1, was_fuzzed=0, exec_us=12431, hits=0, map=461, ascii=0, run_time=0:00:36:19, cvg=1.20%) FS (t=0:00:03:39 (10.05%), st=13906, avg=1470 ms, found=125/149)...
[*] Fuzzing test case #181 (1254 total, 0 crashes saved, state: in progress, mode=explore, perf_score=37, weight=1, favorite=1, was_fuzzed=1, exec_us=11936, hits=0, map=1025, ascii=0, run_time=0:00:47:55, cvg=1.22%) FS (t=0:00:04:48 (10.04%), st=18462, avg=1520 ms, found=161/190)...
[*] Fuzzing test case #926 (1481 total, 0 crashes saved, state: in progress, mode=explore, perf_score=74, weight=0, favorite=1, was_fuzzed=1, exec_us=12440, hits=0, map=419, ascii=0, run_time=0:00:57:58, cvg=1.24%) FS (t=0:00:05:49 (10.05%), st=22564, avg=1574 ms, found=192/222)...
[*] Fuzzing test case #1200 (1555 total, 0 crashes saved, state: in progress, mode=explore, perf_score=150, weight=2, favorite=0, was_fuzzed=0, exec_us=77219, hits=0, map=19253, ascii=0, run_time=0:01:04:15, cvg=1.24%) FS (t=0:00:06:25 (10.01%), st=24632, avg=1601 ms, found=210/241)...
[*] Fuzzing test case #1636 (1747 total, 0 crashes saved, state: in progress, mode=explore, perf_score=111, weight=1, favorite=0, was_fuzzed=0, exec_us=12045, hits=0, map=1443, ascii=0, run_time=0:01:16:42, cvg=1.25%) FS (t=0:00:07:40 (10.01%), st=29674, avg=1650 ms, found=248/279)...
[*] Fuzzing test case #1914 (1915 total, 0 crashes saved, state: in progress, mode=explore, perf_score=100, weight=1, favorite=1, was_fuzzed=0, exec_us=12010, hits=0, map=1205, ascii=0, run_time=0:01:27:57, cvg=1.26%) FS (t=0:00:08:48 (10.02%), st=34402, avg=1689 ms, found=282/313)...
[*] Fuzzing test case #1086 (2799 total, 0 crashes saved, state: in progress, mode=explore, perf_score=74, weight=0, favorite=1, was_fuzzed=1, exec_us=12228, hits=0, map=1233, ascii=0, run_time=0:03:16:07, cvg=1.29%) FS (t=0:00:19:38 (10.02%), st=82549, avg=1774 ms, found=610/664)...
[*] Fuzzing test case #1206 (3081 total, 0 crashes saved, state: in progress, mode=explore, perf_score=150, weight=1, favorite=0, was_fuzzed=0, exec_us=79578, hits=0, map=19265, ascii=0, run_time=0:04:57:54, cvg=1.30%) FS (t=0:00:29:47 (10.00%), st=123816, avg=1811 ms, found=916/987)...
[*] Fuzzing test case #1558 (3530 total, 0 crashes saved, state: in progress, mode=explore, perf_score=150, weight=1, favorite=0, was_fuzzed=0, exec_us=12067, hits=0, map=1377, ascii=0, run_time=0:06:03:57, cvg=1.34%) FS (t=0:00:36:25 (10.01%), st=147795, avg=1847 ms, found=1108/1183)...
[*] Fuzzing test case #212 (3863 total, 0 crashes saved, state: in progress, mode=explore, perf_score=50, weight=0, favorite=1, was_fuzzed=1, exec_us=11783, hits=0, map=780, ascii=0, run_time=0:07:26:00, cvg=1.35%) FS (t=0:00:43:50 (9.83%), st=176887, avg=1871 ms, found=1327/1406)...
