[dwarf-cov] surface=applytx seconds=28800 corpus=/opt/corpora/conwaytx
[*] Spinning up the fork server...
[+] All right - new fork server model v1 is up.
[*] Target map size: 2072214
    To avoid having crashes misinterpreted as timeouts, please 
[+] Loaded a total of 12 seeds.
    len = 371, map size = 6307, exec speed = 12933 us, hash = 493ba87fd8ed6ef3
    len = 371, map size = 6307, exec speed = 12813 us, hash = 493ba87fd8ed6ef3
    len = 312, map size = 5953, exec speed = 12553 us, hash = 24935015b2f2120b
    len = 371, map size = 6307, exec speed = 12923 us, hash = 493ba87fd8ed6ef3
    len = 371, map size = 6307, exec speed = 12834 us, hash = 493ba87fd8ed6ef3
    len = 312, map size = 5953, exec speed = 12743 us, hash = 24935015b2f2120b
    len = 312, map size = 5953, exec speed = 13197 us, hash = 24935015b2f2120b
    len = 312, map size = 5953, exec speed = 13172 us, hash = 24935015b2f2120b
    len = 312, map size = 5953, exec speed = 12855 us, hash = 24935015b2f2120b
    len = 312, map size = 5953, exec speed = 12630 us, hash = 24935015b2f2120b
    len = 371, map size = 6307, exec speed = 12634 us, hash = 493ba87fd8ed6ef3
    len = 371, map size = 6307, exec speed = 12742 us, hash = 493ba87fd8ed6ef3
[+] All set and ready to roll!
[*] Fuzzing test case #2 (12 total, 0 crashes saved, state: started :-), mode=explore, perf_score=100, weight=1, favorite=1, was_fuzzed=0, exec_us=12553, hits=0, map=5953, ascii=0, run_time=0:00:00:00, cvg=0.33%) FS (t=0:00:00:00 (0.00%), st=0, avg=0 ms, found=0/0)...
[*] Fuzzing test case #1116 (1375 total, 0 crashes saved, state: in progress, mode=explore, perf_score=300, weight=2, favorite=1, was_fuzzed=0, exec_us=12022, hits=0, map=1436, ascii=0, run_time=0:01:03:18, cvg=0.60%) FS (t=0:00:06:21 (10.04%), st=31655, avg=1506 ms, found=205/253)...
[*] Fuzzing test case #359 (2142 total, 0 crashes saved, state: in progress, mode=explore, perf_score=100, weight=0, favorite=1, was_fuzzed=1, exec_us=12109, hits=0, map=1370, ascii=0, run_time=0:02:17:10, cvg=0.62%) FS (t=0:00:13:44 (10.02%), st=68231, avg=1655 ms, found=431/498)...
[*] Fuzzing test case #2131 (2469 total, 0 crashes saved, state: in progress, mode=explore, perf_score=300, weight=0, favorite=1, was_fuzzed=1, exec_us=11985, hits=0, map=1440, ascii=0, run_time=0:02:56:52, cvg=0.65%) FS (t=0:00:17:41 (10.00%), st=88013, avg=1551 ms, found=575/684)...
[*] Fuzzing test case #1225 (2575 total, 0 crashes saved, state: in progress, mode=explore, perf_score=300, weight=0, favorite=0, was_fuzzed=0, exec_us=11900, hits=0, map=1425, ascii=0, run_time=0:03:19:19, cvg=0.65%) FS (t=0:00:19:56 (10.00%), st=99308, avg=1582 ms, found=645/756)...
[*] Fuzzing test case #897 (2637 total, 0 crashes saved, state: in progress, mode=explore, perf_score=200, weight=0, favorite=1, was_fuzzed=1, exec_us=12090, hits=0, map=1428, ascii=0, run_time=0:03:33:20, cvg=0.65%) FS (t=0:00:21:19 (10.00%), st=106293, avg=1589 ms, found=690/805)...
[*] Fuzzing test case #2136 (2801 total, 0 crashes saved, state: in progress, mode=explore, perf_score=300, weight=0, favorite=0, was_fuzzed=0, exec_us=12023, hits=0, map=1455, ascii=0, run_time=0:03:58:45, cvg=0.65%) FS (t=0:00:23:54 (10.01%), st=119213, avg=1607 ms, found=772/892)...
[*] Fuzzing test case #769 (3008 total, 0 crashes saved, state: in progress, mode=explore, perf_score=50, weight=0, favorite=0, was_fuzzed=0, exec_us=11787, hits=0, map=432, ascii=0, run_time=0:04:36:59, cvg=0.66%) FS (t=0:00:27:43 (10.01%), st=138166, avg=1638 ms, found=888/1015)...
[*] Fuzzing test case #1168 (3122 total, 0 crashes saved, state: in progress, mode=explore, perf_score=200, weight=1, favorite=1, was_fuzzed=1, exec_us=12083, hits=0, map=973, ascii=0, run_time=0:05:01:28, cvg=0.66%) FS (t=0:00:30:10 (10.01%), st=150422, avg=1657 ms, found=963/1092)...
[*] Fuzzing test case #2990 (3223 total, 0 crashes saved, state: in progress, mode=explore, perf_score=400, weight=0, favorite=0, was_fuzzed=0, exec_us=12471, hits=0, map=1420, ascii=0, run_time=0:05:25:43, cvg=0.66%) FS (t=0:00:32:31 (9.98%), st=162215, avg=1672 ms, found=1038/1167)...
[*] Fuzzing test case #2321 (3283 total, 0 crashes saved, state: in progress, mode=explore, perf_score=200, weight=2, favorite=0, was_fuzzed=0, exec_us=11954, hits=0, map=1188, ascii=0, run_time=0:05:45:41, cvg=0.66%) FS (t=0:00:34:35 (10.01%), st=172516, avg=1684 ms, found=1102/1232)...
[*] Fuzzing test case #447 (3365 total, 0 crashes saved, state: in progress, mode=explore, perf_score=75, weight=0, favorite=1, was_fuzzed=1, exec_us=12297, hits=0, map=668, ascii=0, run_time=0:06:08:51, cvg=0.66%) FS (t=0:00:36:54 (10.01%), st=184004, avg=1696 ms, found=1174/1305)...
[*] Fuzzing test case #2817 (3397 total, 0 crashes saved, state: in progress, mode=explore, perf_score=300, weight=2, favorite=0, was_fuzzed=0, exec_us=11995, hits=0, map=1392, ascii=0, run_time=0:06:25:30, cvg=0.66%) FS (t=0:00:38:28 (9.98%), st=191883, avg=1701 ms, found=1222/1357)...
[*] Fuzzing test case #928 (3887 total, 0 crashes saved, state: in progress, mode=explore, perf_score=75, weight=0, favorite=1, was_fuzzed=1, exec_us=11873, hits=0, map=856, ascii=0, run_time=0:07:55:00, cvg=0.67%) FS (t=0:00:45:18 (9.54%), st=225035, avg=1725 ms, found=1430/1576)...
