[dwarf-cov] surface=keepalive seconds=28800 corpus=/opt/corpora/keepalive
[*] Spinning up the fork server...
[+] All right - new fork server model v1 is up.
[*] Target map size: 2072214
    To avoid having crashes misinterpreted as timeouts, please 
[+] Loaded a total of 4 seeds.
    len = 2, map size = 183, exec speed = 12789 us, hash = ab54d88dc6a919bb
    len = 5, map size = 183, exec speed = 12239 us, hash = 3c258ed9f4351ee2
    len = 5, map size = 210, exec speed = 12357 us, hash = 379f6e009a5a38dd
    len = 5, map size = 210, exec speed = 12391 us, hash = 379f6e009a5a38dd
[+] All set and ready to roll!
[*] Fuzzing test case #0 (4 total, 0 crashes saved, state: started :-), mode=explore, perf_score=100, weight=1, favorite=1, was_fuzzed=0, exec_us=12789, hits=0, map=183, ascii=0, run_time=0:00:00:00, cvg=0.01%) FS (t=0:00:00:00 (0.00%), st=0, avg=0 ms, found=0/0)...
[*] Fuzzing test case #1 (124 total, 0 crashes saved, state: in progress, mode=explore, perf_score=100, weight=1, favorite=1, was_fuzzed=0, exec_us=12239, hits=0, map=183, ascii=0, run_time=0:00:05:17, cvg=0.04%) FS (t=0:00:00:00 (0.04%), st=2, avg=114 ms, found=0/1)...
[*] Fuzzing test case #2 (124 total, 0 crashes saved, state: in progress, mode=explore, perf_score=100, weight=1, favorite=1, was_fuzzed=0, exec_us=12357, hits=0, map=210, ascii=0, run_time=0:00:05:18, cvg=0.04%) FS (t=0:00:00:00 (0.04%), st=4, avg=69 ms, found=0/2)...
[*] Fuzzing test case #4 (155 total, 0 crashes saved, state: in progress, mode=explore, perf_score=100, weight=1, favorite=1, was_fuzzed=0, exec_us=12067, hits=0, map=167, ascii=0, run_time=0:00:06:37, cvg=0.05%) FS (t=0:00:00:00 (0.05%), st=8, avg=62 ms, found=0/3)...
[*] Fuzzing test case #105 (155 total, 0 crashes saved, state: in progress, mode=explore, perf_score=100, weight=2, favorite=1, was_fuzzed=0, exec_us=11999, hits=0, map=182, ascii=0, run_time=0:00:06:37, cvg=0.05%) FS (t=0:00:00:00 (0.05%), st=10, avg=53 ms, found=0/4)...
[*] Fuzzing test case #7 (155 total, 0 crashes saved, state: in progress, mode=explore, perf_score=100, weight=0, favorite=1, was_fuzzed=0, exec_us=12410, hits=0, map=183, ascii=0, run_time=0:00:06:38, cvg=0.05%) FS (t=0:00:00:00 (0.06%), st=13, avg=49 ms, found=0/5)...
[*] Fuzzing test case #153 (155 total, 0 crashes saved, state: in progress, mode=explore, perf_score=100, weight=2, favorite=1, was_fuzzed=0, exec_us=11964, hits=0, map=204, ascii=0, run_time=0:00:06:39, cvg=0.05%) FS (t=0:00:00:00 (0.07%), st=15, avg=45 ms, found=0/6)...
[*] Fuzzing test case #8 (155 total, 0 crashes saved, state: in progress, mode=explore, perf_score=100, weight=2, favorite=1, was_fuzzed=0, exec_us=12119, hits=0, map=183, ascii=0, run_time=0:00:06:40, cvg=0.05%) FS (t=0:00:00:00 (0.08%), st=19, avg=45 ms, found=0/7)...
[*] Fuzzing test case #98 (155 total, 0 crashes saved, state: in progress, mode=explore, perf_score=100, weight=2, favorite=1, was_fuzzed=0, exec_us=12041, hits=0, map=162, ascii=0, run_time=0:00:06:40, cvg=0.05%) FS (t=0:00:00:00 (0.09%), st=21, avg=43 ms, found=0/8)...
[*] Fuzzing test case #73 (169 total, 0 crashes saved, state: in progress, mode=explore, perf_score=100, weight=1, favorite=1, was_fuzzed=1, exec_us=11980, hits=0, map=174, ascii=0, run_time=0:00:13:02, cvg=0.05%) FS (t=0:00:00:07 (0.97%), st=618, avg=47 ms, found=0/160)...
[*] Fuzzing test case #123 (171 total, 0 crashes saved, state: in progress, mode=explore, perf_score=100, weight=0, favorite=1, was_fuzzed=1, exec_us=12073, hits=0, map=204, ascii=0, run_time=0:00:18:28, cvg=0.05%) FS (t=0:00:00:09 (0.88%), st=802, avg=60 ms, found=0/163)...
[*] Fuzzing test case #169 (171 total, 0 crashes saved, state: in progress, mode=explore, perf_score=100, weight=0, favorite=0, was_fuzzed=0, exec_us=12380, hits=0, map=182, ascii=0, run_time=0:00:23:27, cvg=0.05%) FS (t=0:00:00:09 (0.70%), st=808, avg=59 ms, found=0/166)...
[*] Fuzzing test case #19 (171 total, 0 crashes saved, state: in progress, mode=explore, perf_score=100, weight=0, favorite=1, was_fuzzed=1, exec_us=12131, hits=0, map=183, ascii=0, run_time=0:00:28:53, cvg=0.05%) FS (t=0:00:00:11 (0.69%), st=977, avg=70 ms, found=0/168)...
[*] Fuzzing test case #68 (171 total, 0 crashes saved, state: in progress, mode=explore, perf_score=100, weight=0, favorite=1, was_fuzzed=1, exec_us=12009, hits=0, map=162, ascii=0, run_time=0:00:33:55, cvg=0.05%) FS (t=0:00:00:11 (0.59%), st=979, avg=70 ms, found=0/169)...
[*] Fuzzing test case #78 (171 total, 0 crashes saved, state: final phase, mode=exploit, perf_score=100, weight=0, favorite=1, was_fuzzed=1, exec_us=11855, hits=0, map=174, ascii=0, run_time=0:00:38:54, cvg=0.05%) FS (t=0:00:00:11 (0.51%), st=979, avg=70 ms, found=0/169)...
[*] Fuzzing test case #97 (171 total, 0 crashes saved, state: final phase, mode=exploit, perf_score=100, weight=0, favorite=1, was_fuzzed=1, exec_us=11616, hits=0, map=162, ascii=0, run_time=0:00:43:53, cvg=0.05%) FS (t=0:00:00:11 (0.45%), st=981, avg=70 ms, found=0/170)...
[*] Fuzzing test case #25 (171 total, 0 crashes saved, state: final phase, mode=exploit, perf_score=100, weight=0, favorite=1, was_fuzzed=1, exec_us=12109, hits=0, map=183, ascii=0, run_time=0:00:48:52, cvg=0.05%) FS (t=0:00:00:11 (0.41%), st=981, avg=70 ms, found=0/170)...
[*] Fuzzing test case #119 (171 total, 0 crashes saved, state: final phase, mode=exploit, perf_score=100, weight=0, favorite=1, was_fuzzed=1, exec_us=12087, hits=0, map=168, ascii=0, run_time=0:00:53:50, cvg=0.05%) FS (t=0:00:00:11 (0.37%), st=981, avg=70 ms, found=0/170)...
[*] Fuzzing test case #68 (171 total, 0 crashes saved, state: final phase, mode=exploit, perf_score=100, weight=0, favorite=1, was_fuzzed=1, exec_us=12009, hits=0, map=162, ascii=0, run_time=0:00:58:51, cvg=0.05%) FS (t=0:00:00:11 (0.34%), st=981, avg=70 ms, found=0/170)...
[*] Fuzzing test case #121 (171 total, 0 crashes saved, state: final phase, mode=exploit, perf_score=100, weight=0, favorite=1, was_fuzzed=1, exec_us=12317, hits=0, map=182, ascii=0, run_time=0:01:03:57, cvg=0.05%) FS (t=0:00:00:11 (0.31%), st=981, avg=70 ms, found=0/170)...
[*] Fuzzing test case #83 (171 total, 0 crashes saved, state: final phase, mode=exploit, perf_score=100, weight=0, favorite=1, was_fuzzed=1, exec_us=11990, hits=0, map=162, ascii=0, run_time=0:01:08:57, cvg=0.05%) FS (t=0:00:00:11 (0.29%), st=981, avg=70 ms, found=0/170)...
[*] Fuzzing test case #17 (171 total, 0 crashes saved, state: finished..., mode=exploit, perf_score=100, weight=0, favorite=1, was_fuzzed=1, exec_us=12459, hits=0, map=183, ascii=0, run_time=0:01:13:56, cvg=0.05%) FS (t=0:00:00:11 (0.27%), st=981, avg=70 ms, found=0/170)...
[*] Fuzzing test case #105 (171 total, 0 crashes saved, state: finished..., mode=exploit, perf_score=100, weight=0, favorite=1, was_fuzzed=1, exec_us=11999, hits=0, map=182, ascii=0, run_time=0:01:18:54, cvg=0.05%) FS (t=0:00:00:11 (0.25%), st=981, avg=70 ms, found=0/170)...
[*] Fuzzing test case #86 (171 total, 0 crashes saved, state: finished..., mode=exploit, perf_score=100, weight=0, favorite=1, was_fuzzed=1, exec_us=12200, hits=0, map=174, ascii=0, run_time=0:01:23:53, cvg=0.05%) FS (t=0:00:00:11 (0.24%), st=981, avg=70 ms, found=0/170)...
[*] Fuzzing test case #117 (171 total, 0 crashes saved, state: finished..., mode=exploit, perf_score=100, weight=0, favorite=1, was_fuzzed=1, exec_us=12009, hits=0, map=183, ascii=0, run_time=0:01:28:50, cvg=0.05%) FS (t=0:00:00:11 (0.22%), st=981, avg=70 ms, found=0/170)...
[*] Fuzzing test case #97 (171 total, 0 crashes saved, state: finished..., mode=exploit, perf_score=100, weight=0, favorite=1, was_fuzzed=1, exec_us=11616, hits=0, map=162, ascii=0, run_time=0:01:33:48, cvg=0.05%) FS (t=0:00:00:11 (0.21%), st=981, avg=70 ms, found=0/170)...
[*] Fuzzing test case #91 (171 total, 0 crashes saved, state: finished..., mode=exploit, perf_score=100, weight=0, favorite=1, was_fuzzed=1, exec_us=11776, hits=0, map=162, ascii=0, run_time=0:01:38:45, cvg=0.05%) FS (t=0:00:00:11 (0.20%), st=981, avg=70 ms, found=0/170)...
[*] Fuzzing test case #124 (173 total, 0 crashes saved, state: in progress, mode=explore, perf_score=100, weight=0, favorite=1, was_fuzzed=1, exec_us=12454, hits=0, map=212, ascii=0, run_time=0:01:48:15, cvg=0.05%) FS (t=0:00:00:12 (0.19%), st=995, avg=70 ms, found=0/172)...
[*] Fuzzing test case #142 (173 total, 0 crashes saved, state: in progress, mode=explore, perf_score=100, weight=0, favorite=1, was_fuzzed=1, exec_us=12297, hits=0, map=183, ascii=0, run_time=0:01:53:13, cvg=0.05%) FS (t=0:00:00:12 (0.18%), st=995, avg=70 ms, found=0/172)...
[*] Fuzzing test case #11 (173 total, 0 crashes saved, state: in progress, mode=explore, perf_score=100, weight=0, favorite=1, was_fuzzed=1, exec_us=12122, hits=0, map=183, ascii=0, run_time=0:01:58:10, cvg=0.05%) FS (t=0:00:00:12 (0.17%), st=995, avg=70 ms, found=0/172)...
[*] Fuzzing test case #18 (173 total, 0 crashes saved, state: in progress, mode=exploit, perf_score=100, weight=0, favorite=1, was_fuzzed=1, exec_us=12391, hits=0, map=183, ascii=0, run_time=0:02:03:08, cvg=0.05%) FS (t=0:00:00:12 (0.16%), st=995, avg=70 ms, found=0/172)...
[*] Fuzzing test case #133 (173 total, 0 crashes saved, state: in progress, mode=exploit, perf_score=100, weight=0, favorite=1, was_fuzzed=1, exec_us=12072, hits=0, map=204, ascii=0, run_time=0:02:08:06, cvg=0.05%) FS (t=0:00:00:12 (0.16%), st=995, avg=70 ms, found=0/172)...
[*] Fuzzing test case #79 (173 total, 0 crashes saved, state: in progress, mode=exploit, perf_score=100, weight=0, favorite=1, was_fuzzed=1, exec_us=12060, hits=0, map=174, ascii=0, run_time=0:02:13:05, cvg=0.05%) FS (t=0:00:00:12 (0.15%), st=995, avg=70 ms, found=0/172)...
[*] Fuzzing test case #120 (173 total, 0 crashes saved, state: in progress, mode=exploit, perf_score=100, weight=0, favorite=1, was_fuzzed=1, exec_us=12381, hits=0, map=204, ascii=0, run_time=0:02:18:02, cvg=0.05%) FS (t=0:00:00:12 (0.15%), st=995, avg=70 ms, found=0/172)...
[*] Fuzzing test case #157 (173 total, 0 crashes saved, state: in progress, mode=exploit, perf_score=100, weight=0, favorite=1, was_fuzzed=1, exec_us=11984, hits=0, map=183, ascii=0, run_time=0:02:23:01, cvg=0.05%) FS (t=0:00:00:12 (0.14%), st=995, avg=70 ms, found=0/172)...
[*] Fuzzing test case #74 (173 total, 0 crashes saved, state: in progress, mode=exploit, perf_score=100, weight=0, favorite=1, was_fuzzed=1, exec_us=11989, hits=0, map=183, ascii=0, run_time=0:02:28:01, cvg=0.05%) FS (t=0:00:00:12 (0.14%), st=995, avg=70 ms, found=0/172)...
[*] Fuzzing test case #20 (173 total, 0 crashes saved, state: in progress, mode=exploit, perf_score=100, weight=0, favorite=1, was_fuzzed=1, exec_us=12191, hits=0, map=183, ascii=0, run_time=0:02:33:00, cvg=0.05%) FS (t=0:00:00:12 (0.13%), st=995, avg=70 ms, found=0/172)...
[*] Fuzzing test case #45 (173 total, 0 crashes saved, state: in progress, mode=exploit, perf_score=100, weight=0, favorite=1, was_fuzzed=1, exec_us=12359, hits=0, map=162, ascii=0, run_time=0:02:37:58, cvg=0.05%) FS (t=0:00:00:12 (0.13%), st=995, avg=70 ms, found=0/172)...
[*] Fuzzing test case #88 (173 total, 0 crashes saved, state: in progress, mode=exploit, perf_score=100, weight=0, favorite=1, was_fuzzed=1, exec_us=12315, hits=0, map=174, ascii=0, run_time=0:02:42:57, cvg=0.05%) FS (t=0:00:00:12 (0.12%), st=995, avg=70 ms, found=0/172)...
[*] Fuzzing test case #106 (173 total, 0 crashes saved, state: in progress, mode=exploit, perf_score=100, weight=0, favorite=1, was_fuzzed=1, exec_us=12069, hits=0, map=162, ascii=0, run_time=0:02:47:55, cvg=0.05%) FS (t=0:00:00:12 (0.12%), st=995, avg=70 ms, found=0/172)...
[*] Fuzzing test case #90 (173 total, 0 crashes saved, state: in progress, mode=exploit, perf_score=100, weight=0, favorite=1, was_fuzzed=1, exec_us=12216, hits=0, map=174, ascii=0, run_time=0:02:52:54, cvg=0.05%) FS (t=0:00:00:12 (0.12%), st=995, avg=70 ms, found=0/172)...
[*] Fuzzing test case #101 (173 total, 0 crashes saved, state: in progress, mode=exploit, perf_score=100, weight=0, favorite=1, was_fuzzed=1, exec_us=12046, hits=0, map=162, ascii=0, run_time=0:02:57:52, cvg=0.05%) FS (t=0:00:00:12 (0.11%), st=995, avg=70 ms, found=0/172)...
[*] Fuzzing test case #30 (173 total, 0 crashes saved, state: in progress, mode=exploit, perf_score=100, weight=0, favorite=1, was_fuzzed=1, exec_us=12111, hits=0, map=173, ascii=0, run_time=0:03:02:51, cvg=0.05%) FS (t=0:00:00:12 (0.11%), st=995, avg=70 ms, found=0/172)...
[*] Fuzzing test case #42 (173 total, 0 crashes saved, state: in progress, mode=exploit, perf_score=100, weight=0, favorite=1, was_fuzzed=1, exec_us=12019, hits=0, map=173, ascii=0, run_time=0:03:07:48, cvg=0.05%) FS (t=0:00:00:12 (0.11%), st=995, avg=70 ms, found=0/172)...
[*] Fuzzing test case #72 (173 total, 0 crashes saved, state: in progress, mode=exploit, perf_score=100, weight=0, favorite=1, was_fuzzed=1, exec_us=12216, hits=0, map=174, ascii=0, run_time=0:03:12:47, cvg=0.05%) FS (t=0:00:00:12 (0.10%), st=995, avg=70 ms, found=0/172)...
[*] Fuzzing test case #64 (173 total, 0 crashes saved, state: in progress, mode=exploit, perf_score=100, weight=0, favorite=1, was_fuzzed=1, exec_us=12269, hits=0, map=162, ascii=0, run_time=0:03:17:44, cvg=0.05%) FS (t=0:00:00:12 (0.10%), st=995, avg=70 ms, found=0/172)...
[*] Fuzzing test case #141 (173 total, 0 crashes saved, state: in progress, mode=exploit, perf_score=100, weight=0, favorite=1, was_fuzzed=1, exec_us=12267, hits=0, map=183, ascii=0, run_time=0:03:22:42, cvg=0.05%) FS (t=0:00:00:12 (0.10%), st=995, avg=70 ms, found=0/172)...
[*] Fuzzing test case #11 (173 total, 0 crashes saved, state: final phase, mode=exploit, perf_score=100, weight=0, favorite=1, was_fuzzed=1, exec_us=12122, hits=0, map=183, ascii=0, run_time=0:03:27:41, cvg=0.05%) FS (t=0:00:00:12 (0.10%), st=995, avg=70 ms, found=0/172)...
[*] Fuzzing test case #160 (173 total, 0 crashes saved, state: final phase, mode=exploit, perf_score=100, weight=0, favorite=1, was_fuzzed=1, exec_us=12331, hits=0, map=183, ascii=0, run_time=0:03:32:39, cvg=0.05%) FS (t=0:00:00:12 (0.09%), st=995, avg=70 ms, found=0/172)...
[*] Fuzzing test case #120 (173 total, 0 crashes saved, state: final phase, mode=exploit, perf_score=100, weight=0, favorite=1, was_fuzzed=1, exec_us=12381, hits=0, map=204, ascii=0, run_time=0:03:37:38, cvg=0.05%) FS (t=0:00:00:12 (0.09%), st=995, avg=70 ms, found=0/172)...
[*] Fuzzing test case #130 (173 total, 0 crashes saved, state: final phase, mode=exploit, perf_score=100, weight=0, favorite=1, was_fuzzed=1, exec_us=12423, hits=0, map=204, ascii=0, run_time=0:03:42:36, cvg=0.05%) FS (t=0:00:00:12 (0.09%), st=995, avg=70 ms, found=0/172)...
[*] Fuzzing test case #68 (173 total, 0 crashes saved, state: final phase, mode=exploit, perf_score=100, weight=0, favorite=1, was_fuzzed=1, exec_us=12009, hits=0, map=162, ascii=0, run_time=0:03:47:36, cvg=0.05%) FS (t=0:00:00:12 (0.09%), st=995, avg=70 ms, found=0/172)...
[*] Fuzzing test case #113 (173 total, 0 crashes saved, state: final phase, mode=exploit, perf_score=100, weight=0, favorite=1, was_fuzzed=1, exec_us=12266, hits=0, map=162, ascii=0, run_time=0:03:52:34, cvg=0.05%) FS (t=0:00:00:12 (0.09%), st=995, avg=70 ms, found=0/172)...
[*] Fuzzing test case #92 (173 total, 0 crashes saved, state: final phase, mode=exploit, perf_score=100, weight=0, favorite=1, was_fuzzed=1, exec_us=12219, hits=0, map=169, ascii=0, run_time=0:03:57:33, cvg=0.05%) FS (t=0:00:00:12 (0.08%), st=995, avg=70 ms, found=0/172)...
[*] Fuzzing test case #102 (173 total, 0 crashes saved, state: final phase, mode=exploit, perf_score=100, weight=0, favorite=1, was_fuzzed=1, exec_us=11794, hits=0, map=162, ascii=0, run_time=0:04:02:32, cvg=0.05%) FS (t=0:00:00:12 (0.08%), st=995, avg=70 ms, found=0/172)...
[*] Fuzzing test case #79 (173 total, 0 crashes saved, state: final phase, mode=exploit, perf_score=100, weight=0, favorite=1, was_fuzzed=1, exec_us=12060, hits=0, map=174, ascii=0, run_time=0:04:07:31, cvg=0.05%) FS (t=0:00:00:12 (0.08%), st=995, avg=70 ms, found=0/172)...
[*] Fuzzing test case #123 (173 total, 0 crashes saved, state: final phase, mode=exploit, perf_score=100, weight=0, favorite=1, was_fuzzed=1, exec_us=12073, hits=0, map=204, ascii=0, run_time=0:04:12:29, cvg=0.05%) FS (t=0:00:00:12 (0.08%), st=995, avg=70 ms, found=0/172)...
[*] Fuzzing test case #131 (173 total, 0 crashes saved, state: final phase, mode=exploit, perf_score=100, weight=0, favorite=1, was_fuzzed=1, exec_us=12343, hits=0, map=204, ascii=0, run_time=0:04:17:27, cvg=0.05%) FS (t=0:00:00:12 (0.08%), st=995, avg=70 ms, found=0/172)...
[*] Fuzzing test case #20 (173 total, 0 crashes saved, state: final phase, mode=exploit, perf_score=100, weight=0, favorite=1, was_fuzzed=1, exec_us=12191, hits=0, map=183, ascii=0, run_time=0:04:28:04, cvg=0.05%) FS (t=0:00:00:12 (0.08%), st=995, avg=70 ms, found=0/172)...
[*] Fuzzing test case #32 (173 total, 0 crashes saved, state: final phase, mode=exploit, perf_score=100, weight=0, favorite=1, was_fuzzed=1, exec_us=12216, hits=0, map=173, ascii=0, run_time=0:04:33:03, cvg=0.05%) FS (t=0:00:00:12 (0.07%), st=995, avg=70 ms, found=0/172)...
[*] Fuzzing test case #113 (173 total, 0 crashes saved, state: final phase, mode=exploit, perf_score=100, weight=0, favorite=1, was_fuzzed=1, exec_us=12266, hits=0, map=162, ascii=0, run_time=0:04:38:04, cvg=0.05%) FS (t=0:00:00:12 (0.07%), st=995, avg=70 ms, found=0/172)...
[*] Fuzzing test case #98 (173 total, 0 crashes saved, state: final phase, mode=exploit, perf_score=100, weight=0, favorite=1, was_fuzzed=1, exec_us=12041, hits=0, map=162, ascii=0, run_time=0:04:43:03, cvg=0.05%) FS (t=0:00:00:12 (0.07%), st=995, avg=70 ms, found=0/172)...
[*] Fuzzing test case #120 (173 total, 0 crashes saved, state: final phase, mode=exploit, perf_score=100, weight=0, favorite=1, was_fuzzed=1, exec_us=12381, hits=0, map=204, ascii=0, run_time=0:04:48:02, cvg=0.05%) FS (t=0:00:00:12 (0.07%), st=995, avg=70 ms, found=0/172)...
[*] Fuzzing test case #167 (173 total, 0 crashes saved, state: final phase, mode=exploit, perf_score=100, weight=0, favorite=1, was_fuzzed=1, exec_us=11801, hits=0, map=204, ascii=0, run_time=0:04:53:01, cvg=0.05%) FS (t=0:00:00:12 (0.07%), st=995, avg=70 ms, found=0/172)...
[*] Fuzzing test case #84 (173 total, 0 crashes saved, state: final phase, mode=exploit, perf_score=100, weight=0, favorite=1, was_fuzzed=1, exec_us=11948, hits=0, map=181, ascii=0, run_time=0:04:57:59, cvg=0.05%) FS (t=0:00:00:12 (0.07%), st=995, avg=70 ms, found=0/172)...
[*] Fuzzing test case #149 (173 total, 0 crashes saved, state: final phase, mode=exploit, perf_score=100, weight=0, favorite=1, was_fuzzed=1, exec_us=12188, hits=0, map=183, ascii=0, run_time=0:05:02:57, cvg=0.05%) FS (t=0:00:00:12 (0.07%), st=995, avg=70 ms, found=0/172)...
[*] Fuzzing test case #136 (173 total, 0 crashes saved, state: final phase, mode=exploit, perf_score=100, weight=0, favorite=1, was_fuzzed=1, exec_us=12329, hits=0, map=204, ascii=0, run_time=0:05:07:56, cvg=0.05%) FS (t=0:00:00:12 (0.07%), st=995, avg=70 ms, found=0/172)...
[*] Fuzzing test case #72 (173 total, 0 crashes saved, state: final phase, mode=exploit, perf_score=100, weight=0, favorite=1, was_fuzzed=1, exec_us=12216, hits=0, map=174, ascii=0, run_time=0:05:12:54, cvg=0.05%) FS (t=0:00:00:12 (0.06%), st=995, avg=70 ms, found=0/172)...
[*] Fuzzing test case #85 (173 total, 0 crashes saved, state: final phase, mode=exploit, perf_score=100, weight=0, favorite=1, was_fuzzed=1, exec_us=12099, hits=0, map=161, ascii=0, run_time=0:05:17:53, cvg=0.05%) FS (t=0:00:00:12 (0.06%), st=995, avg=70 ms, found=0/172)...
[*] Fuzzing test case #42 (173 total, 0 crashes saved, state: final phase, mode=exploit, perf_score=100, weight=0, favorite=1, was_fuzzed=1, exec_us=12019, hits=0, map=173, ascii=0, run_time=0:05:22:51, cvg=0.05%) FS (t=0:00:00:12 (0.06%), st=995, avg=70 ms, found=0/172)...
[*] Fuzzing test case #72 (173 total, 0 crashes saved, state: final phase, mode=exploit, perf_score=100, weight=0, favorite=1, was_fuzzed=1, exec_us=12216, hits=0, map=174, ascii=0, run_time=0:05:27:50, cvg=0.05%) FS (t=0:00:00:12 (0.06%), st=995, avg=70 ms, found=0/172)...
[*] Fuzzing test case #73 (173 total, 0 crashes saved, state: final phase, mode=exploit, perf_score=100, weight=0, favorite=1, was_fuzzed=1, exec_us=11980, hits=0, map=174, ascii=0, run_time=0:05:32:49, cvg=0.05%) FS (t=0:00:00:12 (0.06%), st=995, avg=70 ms, found=0/172)...
[*] Fuzzing test case #39 (173 total, 0 crashes saved, state: final phase, mode=exploit, perf_score=100, weight=0, favorite=1, was_fuzzed=1, exec_us=12146, hits=0, map=187, ascii=0, run_time=0:05:37:50, cvg=0.05%) FS (t=0:00:00:12 (0.06%), st=995, avg=70 ms, found=0/172)...
[*] Fuzzing test case #25 (173 total, 0 crashes saved, state: final phase, mode=exploit, perf_score=100, weight=0, favorite=1, was_fuzzed=1, exec_us=12109, hits=0, map=183, ascii=0, run_time=0:05:42:51, cvg=0.05%) FS (t=0:00:00:12 (0.06%), st=995, avg=70 ms, found=0/172)...
[*] Fuzzing test case #75 (173 total, 0 crashes saved, state: final phase, mode=exploit, perf_score=100, weight=0, favorite=1, was_fuzzed=1, exec_us=12238, hits=0, map=174, ascii=0, run_time=0:05:47:52, cvg=0.05%) FS (t=0:00:00:12 (0.06%), st=995, avg=70 ms, found=0/172)...
[*] Fuzzing test case #165 (173 total, 0 crashes saved, state: final phase, mode=exploit, perf_score=100, weight=0, favorite=1, was_fuzzed=1, exec_us=12000, hits=0, map=183, ascii=0, run_time=0:05:52:53, cvg=0.05%) FS (t=0:00:00:12 (0.06%), st=995, avg=70 ms, found=0/172)...
[*] Fuzzing test case #11 (173 total, 0 crashes saved, state: final phase, mode=exploit, perf_score=100, weight=0, favorite=1, was_fuzzed=1, exec_us=12122, hits=0, map=183, ascii=0, run_time=0:05:57:53, cvg=0.05%) FS (t=0:00:00:12 (0.06%), st=995, avg=70 ms, found=0/172)...
[*] Fuzzing test case #21 (173 total, 0 crashes saved, state: final phase, mode=exploit, perf_score=100, weight=0, favorite=1, was_fuzzed=1, exec_us=12335, hits=0, map=183, ascii=0, run_time=0:06:02:53, cvg=0.05%) FS (t=0:00:00:12 (0.06%), st=995, avg=70 ms, found=0/172)...
[*] Fuzzing test case #114 (173 total, 0 crashes saved, state: final phase, mode=exploit, perf_score=100, weight=0, favorite=1, was_fuzzed=1, exec_us=12226, hits=0, map=168, ascii=0, run_time=0:06:07:52, cvg=0.05%) FS (t=0:00:00:12 (0.05%), st=995, avg=70 ms, found=0/172)...
[*] Fuzzing test case #111 (173 total, 0 crashes saved, state: final phase, mode=exploit, perf_score=100, weight=0, favorite=1, was_fuzzed=1, exec_us=12236, hits=0, map=190, ascii=0, run_time=0:06:12:51, cvg=0.05%) FS (t=0:00:00:12 (0.05%), st=995, avg=70 ms, found=0/172)...
[*] Fuzzing test case #146 (173 total, 0 crashes saved, state: final phase, mode=exploit, perf_score=100, weight=0, favorite=1, was_fuzzed=1, exec_us=12024, hits=0, map=183, ascii=0, run_time=0:06:17:50, cvg=0.05%) FS (t=0:00:00:12 (0.05%), st=995, avg=70 ms, found=0/172)...
[*] Fuzzing test case #44 (173 total, 0 crashes saved, state: final phase, mode=exploit, perf_score=100, weight=0, favorite=1, was_fuzzed=1, exec_us=12140, hits=0, map=187, ascii=0, run_time=0:06:22:50, cvg=0.05%) FS (t=0:00:00:12 (0.05%), st=995, avg=70 ms, found=0/172)...
[*] Fuzzing test case #154 (173 total, 0 crashes saved, state: final phase, mode=exploit, perf_score=100, weight=0, favorite=1, was_fuzzed=1, exec_us=12316, hits=0, map=183, ascii=0, run_time=0:06:27:49, cvg=0.05%) FS (t=0:00:00:12 (0.05%), st=995, avg=70 ms, found=0/172)...
[*] Fuzzing test case #94 (173 total, 0 crashes saved, state: final phase, mode=exploit, perf_score=100, weight=0, favorite=1, was_fuzzed=1, exec_us=12122, hits=0, map=162, ascii=0, run_time=0:06:32:49, cvg=0.05%) FS (t=0:00:00:12 (0.05%), st=995, avg=70 ms, found=0/172)...
[*] Fuzzing test case #85 (173 total, 0 crashes saved, state: final phase, mode=exploit, perf_score=100, weight=0, favorite=1, was_fuzzed=1, exec_us=12099, hits=0, map=161, ascii=0, run_time=0:06:37:51, cvg=0.05%) FS (t=0:00:00:12 (0.05%), st=995, avg=70 ms, found=0/172)...
[*] Fuzzing test case #69 (173 total, 0 crashes saved, state: final phase, mode=exploit, perf_score=100, weight=0, favorite=1, was_fuzzed=1, exec_us=12079, hits=0, map=162, ascii=0, run_time=0:06:42:54, cvg=0.05%) FS (t=0:00:00:12 (0.05%), st=995, avg=70 ms, found=0/172)...
[*] Fuzzing test case #155 (173 total, 0 crashes saved, state: finished..., mode=exploit, perf_score=100, weight=0, favorite=1, was_fuzzed=1, exec_us=12090, hits=0, map=183, ascii=0, run_time=0:06:48:00, cvg=0.05%) FS (t=0:00:00:12 (0.05%), st=995, avg=70 ms, found=0/172)...
[*] Fuzzing test case #86 (173 total, 0 crashes saved, state: finished..., mode=exploit, perf_score=100, weight=0, favorite=1, was_fuzzed=1, exec_us=12200, hits=0, map=174, ascii=0, run_time=0:06:53:04, cvg=0.05%) FS (t=0:00:00:12 (0.05%), st=995, avg=70 ms, found=0/172)...
[*] Fuzzing test case #66 (173 total, 0 crashes saved, state: finished..., mode=exploit, perf_score=100, weight=0, favorite=1, was_fuzzed=1, exec_us=12213, hits=0, map=169, ascii=0, run_time=0:06:58:05, cvg=0.05%) FS (t=0:00:00:12 (0.05%), st=995, avg=70 ms, found=0/172)...
[*] Fuzzing test case #138 (173 total, 0 crashes saved, state: finished..., mode=exploit, perf_score=100, weight=0, favorite=1, was_fuzzed=1, exec_us=12145, hits=0, map=204, ascii=0, run_time=0:07:03:06, cvg=0.05%) FS (t=0:00:00:12 (0.05%), st=995, avg=70 ms, found=0/172)...
[*] Fuzzing test case #116 (173 total, 0 crashes saved, state: finished..., mode=exploit, perf_score=100, weight=0, favorite=1, was_fuzzed=1, exec_us=12458, hits=0, map=204, ascii=0, run_time=0:07:08:06, cvg=0.05%) FS (t=0:00:00:12 (0.05%), st=995, avg=70 ms, found=0/172)...
[*] Fuzzing test case #43 (173 total, 0 crashes saved, state: finished..., mode=exploit, perf_score=100, weight=0, favorite=1, was_fuzzed=1, exec_us=12078, hits=0, map=183, ascii=0, run_time=0:07:13:08, cvg=0.05%) FS (t=0:00:00:12 (0.05%), st=995, avg=70 ms, found=0/172)...
[*] Fuzzing test case #80 (173 total, 0 crashes saved, state: finished..., mode=exploit, perf_score=100, weight=0, favorite=1, was_fuzzed=1, exec_us=12190, hits=0, map=161, ascii=0, run_time=0:07:18:09, cvg=0.05%) FS (t=0:00:00:12 (0.05%), st=995, avg=70 ms, found=0/172)...
[*] Fuzzing test case #91 (173 total, 0 crashes saved, state: finished..., mode=exploit, perf_score=100, weight=0, favorite=1, was_fuzzed=1, exec_us=11776, hits=0, map=162, ascii=0, run_time=0:07:23:11, cvg=0.05%) FS (t=0:00:00:12 (0.05%), st=995, avg=70 ms, found=0/172)...
[*] Fuzzing test case #124 (173 total, 0 crashes saved, state: finished..., mode=exploit, perf_score=100, weight=0, favorite=1, was_fuzzed=1, exec_us=12454, hits=0, map=212, ascii=0, run_time=0:07:28:12, cvg=0.05%) FS (t=0:00:00:12 (0.05%), st=995, avg=70 ms, found=0/172)...
[*] Fuzzing test case #95 (173 total, 0 crashes saved, state: finished..., mode=exploit, perf_score=100, weight=0, favorite=1, was_fuzzed=1, exec_us=11776, hits=0, map=162, ascii=0, run_time=0:07:33:13, cvg=0.05%) FS (t=0:00:00:12 (0.04%), st=995, avg=70 ms, found=0/172)...
[*] Fuzzing test case #141 (173 total, 0 crashes saved, state: finished..., mode=exploit, perf_score=100, weight=0, favorite=1, was_fuzzed=1, exec_us=12267, hits=0, map=183, ascii=0, run_time=0:07:38:13, cvg=0.05%) FS (t=0:00:00:12 (0.04%), st=995, avg=70 ms, found=0/172)...
[*] Fuzzing test case #95 (173 total, 0 crashes saved, state: finished..., mode=exploit, perf_score=100, weight=0, favorite=1, was_fuzzed=1, exec_us=11776, hits=0, map=162, ascii=0, run_time=0:07:43:14, cvg=0.05%) FS (t=0:00:00:12 (0.04%), st=995, avg=70 ms, found=0/172)...
[*] Fuzzing test case #63 (173 total, 0 crashes saved, state: finished..., mode=exploit, perf_score=100, weight=0, favorite=1, was_fuzzed=1, exec_us=12107, hits=0, map=174, ascii=0, run_time=0:07:48:16, cvg=0.05%) FS (t=0:00:00:12 (0.04%), st=995, avg=70 ms, found=0/172)...
[*] Fuzzing test case #68 (173 total, 0 crashes saved, state: finished..., mode=exploit, perf_score=100, weight=0, favorite=1, was_fuzzed=1, exec_us=12009, hits=0, map=162, ascii=0, run_time=0:07:53:17, cvg=0.05%) FS (t=0:00:00:12 (0.04%), st=995, avg=70 ms, found=0/172)...
[*] Fuzzing test case #84 (173 total, 0 crashes saved, state: finished..., mode=exploit, perf_score=100, weight=0, favorite=1, was_fuzzed=1, exec_us=11948, hits=0, map=181, ascii=0, run_time=0:07:58:17, cvg=0.05%) FS (t=0:00:00:12 (0.04%), st=995, avg=70 ms, found=0/172)...
