[dwarf-cov] surface=tx seconds=28800 corpus=/opt/corpora/tx
[*] Spinning up the fork server...
[+] All right - new fork server model v1 is up.
[*] Target map size: 2072214
    To avoid having crashes misinterpreted as timeouts, please 
[+] Loaded a total of 12 seeds.
    len = 378, map size = 2469, exec speed = 13553 us, hash = b43b55f8ee38c3a8
    len = 378, map size = 2469, exec speed = 12802 us, hash = b43b55f8ee38c3a8
    len = 319, map size = 2448, exec speed = 12288 us, hash = 11262c8b44b84c34
    len = 378, map size = 2469, exec speed = 12669 us, hash = b43b55f8ee38c3a8
    len = 378, map size = 2469, exec speed = 12636 us, hash = b43b55f8ee38c3a8
    len = 319, map size = 2448, exec speed = 12554 us, hash = 11262c8b44b84c34
    len = 319, map size = 2448, exec speed = 12245 us, hash = 11262c8b44b84c34
    len = 319, map size = 2448, exec speed = 12599 us, hash = 11262c8b44b84c34
    len = 319, map size = 2448, exec speed = 12706 us, hash = 11262c8b44b84c34
    len = 319, map size = 2448, exec speed = 12789 us, hash = 11262c8b44b84c34
    len = 378, map size = 2469, exec speed = 12829 us, hash = b43b55f8ee38c3a8
    len = 378, map size = 2469, exec speed = 13048 us, hash = b43b55f8ee38c3a8
[+] All set and ready to roll!
[*] Fuzzing test case #2 (12 total, 0 crashes saved, state: started :-), mode=explore, perf_score=100, weight=2, favorite=0, was_fuzzed=0, exec_us=12288, hits=0, map=2448, ascii=0, run_time=0:00:00:00, cvg=0.14%) FS (t=0:00:00:00 (0.00%), st=0, avg=0 ms, found=0/0)...
[*] Fuzzing test case #1976 (2006 total, 0 crashes saved, state: in progress, mode=explore, perf_score=300, weight=0, favorite=1, was_fuzzed=0, exec_us=12141, hits=0, map=1771, ascii=0, run_time=0:02:25:15, cvg=0.43%) FS (t=0:00:13:24 (9.24%), st=66389, avg=1680 ms, found=400/479)...
[*] Fuzzing test case #2240 (2438 total, 0 crashes saved, state: in progress, mode=explore, perf_score=300, weight=0, favorite=0, was_fuzzed=0, exec_us=12145, hits=0, map=2034, ascii=0, run_time=0:03:32:19, cvg=0.45%) FS (t=0:00:21:14 (10.00%), st=105425, avg=1705 ms, found=635/747)...
[*] Fuzzing test case #2885 (3032 total, 0 crashes saved, state: in progress, mode=explore, perf_score=400, weight=0, favorite=1, was_fuzzed=0, exec_us=12279, hits=0, map=1104, ascii=0, run_time=0:04:55:49, cvg=0.55%) FS (t=0:00:29:34 (10.00%), st=146853, avg=1709 ms, found=896/1038)...
[*] Fuzzing test case #2872 (3181 total, 0 crashes saved, state: in progress, mode=explore, perf_score=400, weight=0, favorite=1, was_fuzzed=1, exec_us=12079, hits=0, map=1835, ascii=0, run_time=0:05:29:50, cvg=0.56%) FS (t=0:00:32:58 (10.00%), st=163828, avg=1725 ms, found=1000/1147)...
[*] Fuzzing test case #1789 (3351 total, 0 crashes saved, state: in progress, mode=explore, perf_score=300, weight=0, favorite=1, was_fuzzed=1, exec_us=12062, hits=0, map=1749, ascii=0, run_time=0:06:12:01, cvg=0.58%) FS (t=0:00:37:12 (10.00%), st=184733, avg=1745 ms, found=1128/1279)...
[*] Fuzzing test case #617 (3388 total, 0 crashes saved, state: in progress, mode=explore, perf_score=100, weight=0, favorite=1, was_fuzzed=1, exec_us=12017, hits=0, map=1985, ascii=0, run_time=0:06:30:10, cvg=0.58%) FS (t=0:00:39:01 (10.00%), st=193778, avg=1755 ms, found=1183/1334)...
[*] Fuzzing test case #2623 (3434 total, 0 crashes saved, state: in progress, mode=explore, perf_score=400, weight=0, favorite=1, was_fuzzed=1, exec_us=12022, hits=0, map=1344, ascii=0, run_time=0:06:53:22, cvg=0.59%) FS (t=0:00:41:19 (10.00%), st=205099, avg=1761 ms, found=1254/1408)...
[*] Fuzzing test case #1548 (3705 total, 0 crashes saved, state: in progress, mode=explore, perf_score=300, weight=0, favorite=1, was_fuzzed=1, exec_us=11956, hits=0, map=1712, ascii=0, run_time=0:07:35:51, cvg=0.60%) FS (t=0:00:45:36 (10.00%), st=226303, avg=1766 ms, found=1393/1549)...
