[dwarf-cov] surface=txsub seconds=28800 corpus=/opt/corpora/txsub
[*] Spinning up the fork server...
[+] All right - new fork server model v1 is up.
[*] Target map size: 2072214
    To avoid having crashes misinterpreted as timeouts, please 
[+] Loaded a total of 4 seeds.
    len = 2, map size = 191, exec speed = 11478 us, hash = 53d086b56b16cb97
    len = 7, map size = 225, exec speed = 12384 us, hash = ac7ad1589136e34c
    len = 7, map size = 225, exec speed = 12507 us, hash = 81b6402e7d8c7e72
    len = 3, map size = 193, exec speed = 12335 us, hash = 6a95eb4d287dfaf0
[+] All set and ready to roll!
[*] Fuzzing test case #0 (4 total, 0 crashes saved, state: started :-), mode=explore, perf_score=100, weight=1, favorite=1, was_fuzzed=0, exec_us=11478, hits=0, map=191, ascii=0, run_time=0:00:00:00, cvg=0.01%) FS (t=0:00:00:00 (0.00%), st=0, avg=0 ms, found=0/0)...
[*] Fuzzing test case #1 (129 total, 0 crashes saved, state: in progress, mode=explore, perf_score=100, weight=1, favorite=1, was_fuzzed=0, exec_us=12384, hits=0, map=225, ascii=0, run_time=0:00:05:17, cvg=0.04%) FS (t=0:00:00:00 (0.04%), st=2, avg=113 ms, found=0/1)...
[*] Fuzzing test case #3 (170 total, 0 crashes saved, state: in progress, mode=explore, perf_score=100, weight=1, favorite=1, was_fuzzed=0, exec_us=12335, hits=0, map=193, ascii=0, run_time=0:00:06:37, cvg=0.05%) FS (t=0:00:00:00 (0.04%), st=6, avg=81 ms, found=0/2)...
[*] Fuzzing test case #158 (170 total, 0 crashes saved, state: in progress, mode=explore, perf_score=100, weight=0, favorite=1, was_fuzzed=0, exec_us=12114, hits=0, map=205, ascii=0, run_time=0:00:06:38, cvg=0.05%) FS (t=0:00:00:00 (0.05%), st=10, avg=70 ms, found=0/3)...
[*] Fuzzing test case #4 (183 total, 0 crashes saved, state: in progress, mode=explore, perf_score=100, weight=1, favorite=1, was_fuzzed=0, exec_us=11955, hits=0, map=173, ascii=0, run_time=0:00:07:56, cvg=0.05%) FS (t=0:00:00:00 (0.06%), st=17, avg=73 ms, found=0/4)...
[*] Fuzzing test case #65 (183 total, 0 crashes saved, state: in progress, mode=explore, perf_score=100, weight=2, favorite=1, was_fuzzed=0, exec_us=11819, hits=0, map=179, ascii=0, run_time=0:00:07:56, cvg=0.05%) FS (t=0:00:00:00 (0.07%), st=19, avg=64 ms, found=0/5)...
[*] Fuzzing test case #154 (183 total, 0 crashes saved, state: in progress, mode=explore, perf_score=100, weight=2, favorite=1, was_fuzzed=0, exec_us=12105, hits=0, map=229, ascii=0, run_time=0:00:07:57, cvg=0.05%) FS (t=0:00:00:00 (0.07%), st=21, avg=57 ms, found=0/6)...
[*] Fuzzing test case #17 (183 total, 0 crashes saved, state: in progress, mode=explore, perf_score=100, weight=2, favorite=1, was_fuzzed=0, exec_us=11965, hits=0, map=191, ascii=0, run_time=0:00:07:58, cvg=0.05%) FS (t=0:00:00:00 (0.08%), st=24, avg=55 ms, found=0/7)...
[*] Fuzzing test case #30 (183 total, 0 crashes saved, state: in progress, mode=explore, perf_score=100, weight=2, favorite=1, was_fuzzed=0, exec_us=12059, hits=0, map=191, ascii=0, run_time=0:00:07:58, cvg=0.05%) FS (t=0:00:00:00 (0.09%), st=26, avg=51 ms, found=0/8)...
[*] Fuzzing test case #60 (194 total, 0 crashes saved, state: in progress, mode=explore, perf_score=100, weight=0, favorite=1, was_fuzzed=1, exec_us=11963, hits=0, map=178, ascii=0, run_time=0:00:13:36, cvg=0.05%) FS (t=0:00:00:10 (1.26%), st=838, avg=59 ms, found=0/172)...
[*] Fuzzing test case #4 (208 total, 0 crashes saved, state: in progress, mode=explore, perf_score=100, weight=0, favorite=1, was_fuzzed=1, exec_us=11955, hits=0, map=173, ascii=0, run_time=0:00:19:18, cvg=0.05%) FS (t=0:00:00:13 (1.21%), st=1149, avg=72 ms, found=0/192)...
[*] Fuzzing test case #14 (211 total, 0 crashes saved, state: in progress, mode=explore, perf_score=100, weight=0, favorite=1, was_fuzzed=1, exec_us=11998, hits=0, map=191, ascii=0, run_time=0:00:24:22, cvg=0.05%) FS (t=0:00:00:14 (0.99%), st=1190, avg=73 ms, found=0/198)...
[*] Fuzzing test case #54 (215 total, 0 crashes saved, state: in progress, mode=explore, perf_score=100, weight=0, favorite=1, was_fuzzed=1, exec_us=11855, hits=0, map=178, ascii=0, run_time=0:00:29:32, cvg=0.05%) FS (t=0:00:00:14 (0.83%), st=1215, avg=71 ms, found=0/206)...
[*] Fuzzing test case #14 (219 total, 0 crashes saved, state: in progress, mode=explore, perf_score=100, weight=0, favorite=1, was_fuzzed=1, exec_us=11998, hits=0, map=191, ascii=0, run_time=0:00:35:16, cvg=0.06%) FS (t=0:00:00:16 (0.80%), st=1390, avg=80 ms, found=0/210)...
[*] Fuzzing test case #96 (219 total, 0 crashes saved, state: in progress, mode=explore, perf_score=100, weight=0, favorite=1, was_fuzzed=1, exec_us=12024, hits=0, map=170, ascii=0, run_time=0:00:40:17, cvg=0.06%) FS (t=0:00:00:16 (0.70%), st=1400, avg=79 ms, found=0/213)...
[*] Fuzzing test case #9 (221 total, 0 crashes saved, state: in progress, mode=explore, perf_score=100, weight=0, favorite=1, was_fuzzed=1, exec_us=12116, hits=0, map=191, ascii=0, run_time=0:00:45:21, cvg=0.06%) FS (t=0:00:00:17 (0.63%), st=1405, avg=79 ms, found=0/215)...
[*] Fuzzing test case #17 (226 total, 0 crashes saved, state: in progress, mode=explore, perf_score=100, weight=0, favorite=1, was_fuzzed=1, exec_us=11965, hits=0, map=191, ascii=0, run_time=0:00:51:01, cvg=0.06%) FS (t=0:00:00:19 (0.63%), st=1586, avg=87 ms, found=0/221)...
[*] Fuzzing test case #172 (228 total, 0 crashes saved, state: in progress, mode=explore, perf_score=100, weight=0, favorite=1, was_fuzzed=1, exec_us=11936, hits=0, map=211, ascii=0, run_time=0:00:57:40, cvg=0.06%) FS (t=0:00:00:25 (0.73%), st=2077, avg=112 ms, found=0/225)...
[*] Fuzzing test case #157 (228 total, 0 crashes saved, state: in progress, mode=explore, perf_score=100, weight=0, favorite=0, was_fuzzed=1, exec_us=12036, hits=0, map=206, ascii=0, run_time=0:01:02:52, cvg=0.06%) FS (t=0:00:00:25 (0.67%), st=2077, avg=112 ms, found=0/225)...
[*] Fuzzing test case #81 (228 total, 0 crashes saved, state: in progress, mode=explore, perf_score=100, weight=0, favorite=1, was_fuzzed=1, exec_us=12096, hits=0, map=178, ascii=0, run_time=0:01:08:09, cvg=0.06%) FS (t=0:00:00:25 (0.62%), st=2083, avg=111 ms, found=0/227)...
[*] Fuzzing test case #39 (228 total, 0 crashes saved, state: in progress, mode=exploit, perf_score=100, weight=0, favorite=1, was_fuzzed=1, exec_us=11996, hits=0, map=179, ascii=0, run_time=0:01:13:30, cvg=0.06%) FS (t=0:00:00:25 (0.58%), st=2090, avg=111 ms, found=0/228)...
[*] Fuzzing test case #46 (228 total, 0 crashes saved, state: in progress, mode=exploit, perf_score=100, weight=0, favorite=1, was_fuzzed=1, exec_us=11955, hits=0, map=168, ascii=0, run_time=0:01:18:36, cvg=0.06%) FS (t=0:00:00:25 (0.54%), st=2090, avg=111 ms, found=0/228)...
[*] Fuzzing test case #23 (228 total, 0 crashes saved, state: in progress, mode=exploit, perf_score=100, weight=0, favorite=1, was_fuzzed=1, exec_us=12034, hits=0, map=191, ascii=0, run_time=0:01:23:40, cvg=0.06%) FS (t=0:00:00:25 (0.51%), st=2090, avg=111 ms, found=0/228)...
[*] Fuzzing test case #75 (228 total, 0 crashes saved, state: in progress, mode=exploit, perf_score=100, weight=0, favorite=1, was_fuzzed=1, exec_us=12006, hits=0, map=200, ascii=0, run_time=0:01:28:49, cvg=0.06%) FS (t=0:00:00:25 (0.48%), st=2090, avg=111 ms, found=0/228)...
[*] Fuzzing test case #97 (229 total, 0 crashes saved, state: in progress, mode=explore, perf_score=100, weight=0, favorite=1, was_fuzzed=1, exec_us=12022, hits=0, map=168, ascii=0, run_time=0:01:34:02, cvg=0.06%) FS (t=0:00:00:25 (0.45%), st=2092, avg=111 ms, found=0/229)...
[*] Fuzzing test case #54 (230 total, 0 crashes saved, state: in progress, mode=explore, perf_score=100, weight=0, favorite=1, was_fuzzed=1, exec_us=11855, hits=0, map=178, ascii=0, run_time=0:01:39:09, cvg=0.06%) FS (t=0:00:00:25 (0.43%), st=2094, avg=111 ms, found=0/230)...
[*] Fuzzing test case #4 (232 total, 0 crashes saved, state: in progress, mode=explore, perf_score=100, weight=0, favorite=1, was_fuzzed=1, exec_us=11955, hits=0, map=173, ascii=0, run_time=0:01:48:42, cvg=0.06%) FS (t=0:00:00:25 (0.39%), st=2101, avg=111 ms, found=0/232)...
[*] Fuzzing test case #18 (233 total, 0 crashes saved, state: in progress, mode=explore, perf_score=100, weight=0, favorite=1, was_fuzzed=1, exec_us=12065, hits=0, map=191, ascii=0, run_time=0:01:53:52, cvg=0.06%) FS (t=0:00:00:25 (0.38%), st=2103, avg=110 ms, found=0/233)...
[*] Fuzzing test case #4 (233 total, 0 crashes saved, state: in progress, mode=explore, perf_score=100, weight=0, favorite=1, was_fuzzed=1, exec_us=11955, hits=0, map=173, ascii=0, run_time=0:01:58:55, cvg=0.06%) FS (t=0:00:00:25 (0.36%), st=2103, avg=110 ms, found=0/233)...
[*] Fuzzing test case #25 (233 total, 0 crashes saved, state: in progress, mode=explore, perf_score=100, weight=0, favorite=1, was_fuzzed=1, exec_us=11960, hits=0, map=191, ascii=0, run_time=0:02:03:57, cvg=0.06%) FS (t=0:00:00:25 (0.35%), st=2103, avg=110 ms, found=0/233)...
[*] Fuzzing test case #85 (233 total, 0 crashes saved, state: in progress, mode=exploit, perf_score=100, weight=0, favorite=1, was_fuzzed=1, exec_us=12086, hits=0, map=198, ascii=0, run_time=0:02:09:05, cvg=0.06%) FS (t=0:00:00:25 (0.33%), st=2103, avg=110 ms, found=0/233)...
[*] Fuzzing test case #34 (233 total, 0 crashes saved, state: in progress, mode=exploit, perf_score=100, weight=0, favorite=1, was_fuzzed=1, exec_us=12048, hits=0, map=167, ascii=0, run_time=0:02:14:09, cvg=0.06%) FS (t=0:00:00:25 (0.32%), st=2103, avg=110 ms, found=0/233)...
[*] Fuzzing test case #107 (233 total, 0 crashes saved, state: in progress, mode=exploit, perf_score=100, weight=0, favorite=1, was_fuzzed=1, exec_us=12128, hits=0, map=168, ascii=0, run_time=0:02:19:13, cvg=0.06%) FS (t=0:00:00:25 (0.31%), st=2103, avg=110 ms, found=0/233)...
[*] Fuzzing test case #64 (233 total, 0 crashes saved, state: in progress, mode=exploit, perf_score=100, weight=0, favorite=1, was_fuzzed=1, exec_us=11846, hits=0, map=186, ascii=0, run_time=0:02:24:18, cvg=0.06%) FS (t=0:00:00:25 (0.30%), st=2103, avg=110 ms, found=0/233)...
[*] Fuzzing test case #92 (233 total, 0 crashes saved, state: in progress, mode=exploit, perf_score=100, weight=0, favorite=1, was_fuzzed=1, exec_us=12036, hits=0, map=227, ascii=0, run_time=0:02:29:25, cvg=0.06%) FS (t=0:00:00:25 (0.29%), st=2103, avg=110 ms, found=0/233)...
[*] Fuzzing test case #17 (233 total, 0 crashes saved, state: in progress, mode=exploit, perf_score=100, weight=0, favorite=1, was_fuzzed=1, exec_us=11965, hits=0, map=191, ascii=0, run_time=0:02:34:28, cvg=0.06%) FS (t=0:00:00:25 (0.28%), st=2103, avg=110 ms, found=0/233)...
[*] Fuzzing test case #29 (233 total, 0 crashes saved, state: in progress, mode=exploit, perf_score=100, weight=0, favorite=1, was_fuzzed=1, exec_us=12186, hits=0, map=191, ascii=0, run_time=0:02:39:33, cvg=0.06%) FS (t=0:00:00:25 (0.27%), st=2103, avg=110 ms, found=0/233)...
[*] Fuzzing test case #82 (233 total, 0 crashes saved, state: in progress, mode=exploit, perf_score=100, weight=0, favorite=1, was_fuzzed=1, exec_us=12254, hits=0, map=168, ascii=0, run_time=0:02:44:36, cvg=0.06%) FS (t=0:00:00:25 (0.26%), st=2103, avg=110 ms, found=0/233)...
[*] Fuzzing test case #104 (233 total, 0 crashes saved, state: in progress, mode=exploit, perf_score=100, weight=0, favorite=1, was_fuzzed=1, exec_us=11934, hits=0, map=178, ascii=0, run_time=0:02:49:40, cvg=0.06%) FS (t=0:00:00:25 (0.25%), st=2103, avg=110 ms, found=0/233)...
[*] Fuzzing test case #96 (233 total, 0 crashes saved, state: in progress, mode=exploit, perf_score=100, weight=0, favorite=1, was_fuzzed=1, exec_us=12024, hits=0, map=170, ascii=0, run_time=0:02:54:43, cvg=0.06%) FS (t=0:00:00:25 (0.25%), st=2103, avg=110 ms, found=0/233)...
[*] Fuzzing test case #169 (233 total, 0 crashes saved, state: in progress, mode=exploit, perf_score=100, weight=0, favorite=1, was_fuzzed=1, exec_us=12130, hits=0, map=206, ascii=0, run_time=0:02:59:49, cvg=0.06%) FS (t=0:00:00:25 (0.24%), st=2103, avg=110 ms, found=0/233)...
[*] Fuzzing test case #159 (233 total, 0 crashes saved, state: in progress, mode=exploit, perf_score=100, weight=0, favorite=1, was_fuzzed=1, exec_us=12037, hits=0, map=202, ascii=0, run_time=0:03:04:53, cvg=0.06%) FS (t=0:00:00:25 (0.23%), st=2103, avg=110 ms, found=0/233)...
[*] Fuzzing test case #182 (233 total, 0 crashes saved, state: in progress, mode=exploit, perf_score=100, weight=0, favorite=1, was_fuzzed=1, exec_us=11845, hits=0, map=201, ascii=0, run_time=0:03:09:59, cvg=0.06%) FS (t=0:00:00:25 (0.23%), st=2103, avg=110 ms, found=0/233)...
[*] Fuzzing test case #127 (233 total, 0 crashes saved, state: in progress, mode=exploit, perf_score=100, weight=0, favorite=1, was_fuzzed=1, exec_us=12097, hits=0, map=192, ascii=0, run_time=0:03:15:09, cvg=0.06%) FS (t=0:00:00:25 (0.22%), st=2103, avg=110 ms, found=0/233)...
[*] Fuzzing test case #0 (233 total, 0 crashes saved, state: in progress, mode=exploit, perf_score=100, weight=0, favorite=1, was_fuzzed=1, exec_us=11478, hits=0, map=191, ascii=0, run_time=0:03:20:13, cvg=0.06%) FS (t=0:00:00:25 (0.21%), st=2103, avg=110 ms, found=0/233)...
[*] Fuzzing test case #38 (234 total, 0 crashes saved, state: in progress, mode=explore, perf_score=100, weight=0, favorite=1, was_fuzzed=1, exec_us=12072, hits=0, map=191, ascii=0, run_time=0:03:25:19, cvg=0.06%) FS (t=0:00:00:25 (0.21%), st=2105, avg=110 ms, found=0/234)...
[*] Fuzzing test case #182 (234 total, 0 crashes saved, state: in progress, mode=explore, perf_score=100, weight=0, favorite=1, was_fuzzed=1, exec_us=11845, hits=0, map=201, ascii=0, run_time=0:03:30:29, cvg=0.06%) FS (t=0:00:00:25 (0.20%), st=2105, avg=110 ms, found=0/234)...
[*] Fuzzing test case #125 (234 total, 0 crashes saved, state: in progress, mode=explore, perf_score=100, weight=0, favorite=1, was_fuzzed=1, exec_us=12278, hits=0, map=175, ascii=0, run_time=0:03:35:42, cvg=0.06%) FS (t=0:00:00:25 (0.20%), st=2105, avg=110 ms, found=0/234)...
[*] Fuzzing test case #21 (234 total, 0 crashes saved, state: in progress, mode=exploit, perf_score=100, weight=0, favorite=1, was_fuzzed=1, exec_us=12090, hits=0, map=191, ascii=0, run_time=0:03:40:46, cvg=0.06%) FS (t=0:00:00:25 (0.19%), st=2105, avg=110 ms, found=0/234)...
[*] Fuzzing test case #222 (234 total, 0 crashes saved, state: in progress, mode=exploit, perf_score=200, weight=0, favorite=1, was_fuzzed=1, exec_us=11978, hits=0, map=201, ascii=0, run_time=0:03:45:54, cvg=0.06%) FS (t=0:00:00:25 (0.19%), st=2105, avg=110 ms, found=0/234)...
[*] Fuzzing test case #32 (234 total, 0 crashes saved, state: in progress, mode=exploit, perf_score=100, weight=0, favorite=1, was_fuzzed=1, exec_us=12048, hits=0, map=191, ascii=0, run_time=0:03:51:14, cvg=0.06%) FS (t=0:00:00:25 (0.19%), st=2105, avg=110 ms, found=0/234)...
[*] Fuzzing test case #85 (234 total, 0 crashes saved, state: in progress, mode=exploit, perf_score=100, weight=0, favorite=1, was_fuzzed=1, exec_us=12086, hits=0, map=198, ascii=0, run_time=0:03:56:27, cvg=0.06%) FS (t=0:00:00:25 (0.18%), st=2105, avg=110 ms, found=0/234)...
[*] Fuzzing test case #14 (234 total, 0 crashes saved, state: in progress, mode=exploit, perf_score=100, weight=0, favorite=1, was_fuzzed=1, exec_us=11998, hits=0, map=191, ascii=0, run_time=0:04:01:37, cvg=0.06%) FS (t=0:00:00:25 (0.18%), st=2105, avg=110 ms, found=0/234)...
[*] Fuzzing test case #137 (234 total, 0 crashes saved, state: in progress, mode=exploit, perf_score=100, weight=0, favorite=1, was_fuzzed=1, exec_us=12189, hits=0, map=237, ascii=0, run_time=0:04:06:53, cvg=0.06%) FS (t=0:00:00:25 (0.17%), st=2105, avg=110 ms, found=0/234)...
[*] Fuzzing test case #50 (234 total, 0 crashes saved, state: in progress, mode=exploit, perf_score=100, weight=0, favorite=1, was_fuzzed=1, exec_us=12037, hits=0, map=179, ascii=0, run_time=0:04:12:02, cvg=0.06%) FS (t=0:00:00:25 (0.17%), st=2105, avg=110 ms, found=0/234)...
[*] Fuzzing test case #137 (234 total, 0 crashes saved, state: in progress, mode=exploit, perf_score=100, weight=0, favorite=1, was_fuzzed=1, exec_us=12189, hits=0, map=237, ascii=0, run_time=0:04:17:06, cvg=0.06%) FS (t=0:00:00:25 (0.17%), st=2105, avg=110 ms, found=0/234)...
[*] Fuzzing test case #91 (234 total, 0 crashes saved, state: in progress, mode=exploit, perf_score=100, weight=0, favorite=1, was_fuzzed=1, exec_us=12088, hits=0, map=168, ascii=0, run_time=0:04:27:53, cvg=0.06%) FS (t=0:00:00:25 (0.16%), st=2105, avg=110 ms, found=0/234)...
[*] Fuzzing test case #78 (234 total, 0 crashes saved, state: in progress, mode=exploit, perf_score=100, weight=0, favorite=1, was_fuzzed=1, exec_us=12005, hits=0, map=178, ascii=0, run_time=0:04:33:12, cvg=0.06%) FS (t=0:00:00:25 (0.16%), st=2105, avg=110 ms, found=0/234)...
[*] Fuzzing test case #209 (234 total, 0 crashes saved, state: in progress, mode=exploit, perf_score=100, weight=0, favorite=1, was_fuzzed=1, exec_us=12315, hits=0, map=235, ascii=0, run_time=0:04:38:21, cvg=0.06%) FS (t=0:00:00:25 (0.15%), st=2105, avg=110 ms, found=0/234)...
[*] Fuzzing test case #186 (234 total, 0 crashes saved, state: in progress, mode=exploit, perf_score=100, weight=0, favorite=1, was_fuzzed=1, exec_us=12111, hits=0, map=191, ascii=0, run_time=0:04:43:36, cvg=0.06%) FS (t=0:00:00:25 (0.15%), st=2105, avg=110 ms, found=0/234)...
[*] Fuzzing test case #110 (234 total, 0 crashes saved, state: in progress, mode=exploit, perf_score=100, weight=0, favorite=1, was_fuzzed=1, exec_us=12289, hits=0, map=170, ascii=0, run_time=0:04:48:50, cvg=0.06%) FS (t=0:00:00:25 (0.15%), st=2105, avg=110 ms, found=0/234)...
[*] Fuzzing test case #98 (234 total, 0 crashes saved, state: in progress, mode=exploit, perf_score=100, weight=0, favorite=1, was_fuzzed=1, exec_us=12013, hits=0, map=168, ascii=0, run_time=0:04:54:12, cvg=0.06%) FS (t=0:00:00:25 (0.15%), st=2105, avg=110 ms, found=0/234)...
[*] Fuzzing test case #171 (234 total, 0 crashes saved, state: in progress, mode=exploit, perf_score=100, weight=0, favorite=1, was_fuzzed=1, exec_us=11910, hits=0, map=205, ascii=0, run_time=0:04:59:20, cvg=0.06%) FS (t=0:00:00:25 (0.14%), st=2105, avg=110 ms, found=0/234)...
[*] Fuzzing test case #152 (234 total, 0 crashes saved, state: in progress, mode=exploit, perf_score=100, weight=0, favorite=1, was_fuzzed=1, exec_us=12257, hits=0, map=206, ascii=0, run_time=0:05:04:29, cvg=0.06%) FS (t=0:00:00:25 (0.14%), st=2105, avg=110 ms, found=0/234)...
[*] Fuzzing test case #58 (234 total, 0 crashes saved, state: in progress, mode=exploit, perf_score=100, weight=0, favorite=1, was_fuzzed=1, exec_us=12035, hits=0, map=193, ascii=0, run_time=0:05:09:40, cvg=0.06%) FS (t=0:00:00:25 (0.14%), st=2105, avg=110 ms, found=0/234)...
[*] Fuzzing test case #27 (234 total, 0 crashes saved, state: in progress, mode=exploit, perf_score=100, weight=0, favorite=1, was_fuzzed=1, exec_us=12233, hits=0, map=191, ascii=0, run_time=0:05:14:56, cvg=0.06%) FS (t=0:00:00:25 (0.14%), st=2105, avg=110 ms, found=0/234)...
[*] Fuzzing test case #233 (234 total, 0 crashes saved, state: in progress, mode=exploit, perf_score=400, weight=0, favorite=1, was_fuzzed=1, exec_us=12169, hits=0, map=214, ascii=0, run_time=0:05:20:22, cvg=0.06%) FS (t=0:00:00:25 (0.13%), st=2105, avg=110 ms, found=0/234)...
[*] Fuzzing test case #37 (234 total, 0 crashes saved, state: in progress, mode=exploit, perf_score=100, weight=0, favorite=1, was_fuzzed=1, exec_us=12024, hits=0, map=193, ascii=0, run_time=0:05:25:31, cvg=0.06%) FS (t=0:00:00:25 (0.13%), st=2105, avg=110 ms, found=0/234)...
[*] Fuzzing test case #216 (234 total, 0 crashes saved, state: in progress, mode=exploit, perf_score=100, weight=1, favorite=1, was_fuzzed=1, exec_us=12013, hits=0, map=201, ascii=0, run_time=0:05:30:35, cvg=0.06%) FS (t=0:00:00:25 (0.13%), st=2105, avg=110 ms, found=0/234)...
[*] Fuzzing test case #68 (234 total, 0 crashes saved, state: in progress, mode=exploit, perf_score=100, weight=0, favorite=1, was_fuzzed=1, exec_us=12071, hits=0, map=179, ascii=0, run_time=0:05:35:53, cvg=0.06%) FS (t=0:00:00:25 (0.13%), st=2105, avg=110 ms, found=0/234)...
[*] Fuzzing test case #10 (234 total, 0 crashes saved, state: in progress, mode=exploit, perf_score=100, weight=0, favorite=1, was_fuzzed=1, exec_us=12092, hits=0, map=191, ascii=0, run_time=0:05:41:04, cvg=0.06%) FS (t=0:00:00:25 (0.13%), st=2105, avg=110 ms, found=0/234)...
[*] Fuzzing test case #216 (234 total, 0 crashes saved, state: in progress, mode=exploit, perf_score=100, weight=1, favorite=1, was_fuzzed=1, exec_us=12013, hits=0, map=201, ascii=0, run_time=0:05:46:22, cvg=0.06%) FS (t=0:00:00:25 (0.12%), st=2105, avg=110 ms, found=0/234)...
[*] Fuzzing test case #58 (234 total, 0 crashes saved, state: in progress, mode=exploit, perf_score=100, weight=0, favorite=1, was_fuzzed=1, exec_us=12035, hits=0, map=193, ascii=0, run_time=0:05:51:28, cvg=0.06%) FS (t=0:00:00:25 (0.12%), st=2105, avg=110 ms, found=0/234)...
[*] Fuzzing test case #212 (234 total, 0 crashes saved, state: in progress, mode=exploit, perf_score=200, weight=0, favorite=1, was_fuzzed=1, exec_us=12267, hits=0, map=225, ascii=0, run_time=0:05:56:39, cvg=0.06%) FS (t=0:00:00:25 (0.12%), st=2105, avg=110 ms, found=0/234)...
[*] Fuzzing test case #107 (234 total, 0 crashes saved, state: in progress, mode=exploit, perf_score=100, weight=0, favorite=1, was_fuzzed=1, exec_us=12128, hits=0, map=168, ascii=0, run_time=0:06:01:51, cvg=0.06%) FS (t=0:00:00:25 (0.12%), st=2105, avg=110 ms, found=0/234)...
[*] Fuzzing test case #146 (234 total, 0 crashes saved, state: in progress, mode=exploit, perf_score=100, weight=0, favorite=1, was_fuzzed=1, exec_us=12283, hits=0, map=229, ascii=0, run_time=0:06:06:58, cvg=0.06%) FS (t=0:00:00:25 (0.12%), st=2105, avg=110 ms, found=0/234)...
[*] Fuzzing test case #66 (234 total, 0 crashes saved, state: in progress, mode=exploit, perf_score=100, weight=0, favorite=1, was_fuzzed=1, exec_us=12072, hits=0, map=178, ascii=0, run_time=0:06:12:05, cvg=0.06%) FS (t=0:00:00:25 (0.12%), st=2105, avg=110 ms, found=0/234)...
[*] Fuzzing test case #419 (474 total, 0 crashes saved, state: in progress, mode=explore, perf_score=1800, weight=1, favorite=1, was_fuzzed=1, exec_us=12184, hits=0, map=675, ascii=0, run_time=0:07:15:54, cvg=0.12%) FS (t=0:00:02:26 (0.56%), st=12094, avg=328 ms, found=62/445)...
[*] Fuzzing test case #156 (481 total, 0 crashes saved, state: in progress, mode=explore, perf_score=75, weight=0, favorite=1, was_fuzzed=1, exec_us=12097, hits=0, map=205, ascii=0, run_time=0:07:41:39, cvg=0.12%) FS (t=0:00:02:59 (0.65%), st=14902, avg=384 ms, found=74/468)...
[*] Fuzzing test case #105 (481 total, 0 crashes saved, state: in progress, mode=exploit, perf_score=50, weight=0, favorite=1, was_fuzzed=1, exec_us=12101, hits=0, map=170, ascii=0, run_time=0:07:59:25, cvg=0.12%) FS (t=0:00:03:00 (0.63%), st=14917, avg=382 ms, found=74/471)...
