checking build system type... x86_64-pc-linux-gnu
checking host system type... x86_64-pc-linux-gnu
checking for a BSD-compatible install... /usr/bin/install -c
checking whether build environment is sane... yes
checking for a race-free mkdir -p... /usr/bin/mkdir -p
checking for gawk... gawk
checking whether make sets $(MAKE)... yes
checking whether make supports nested variables... yes
checking whether UID '1000' is supported by ustar format... yes
checking whether GID '1000' is supported by ustar format... yes
checking how to create a ustar tar archive... gnutar
checking whether make supports nested variables... (cached) yes
checking whether to enable maintainer-specific portions of Makefiles... no
checking whether make supports the include directive... yes (GNU style)
checking for gcc... clang
checking whether the C compiler works... yes
checking for C compiler default output file name... a.out
checking for suffix of executables... 
checking whether we are cross compiling... no
checking for suffix of object files... o
checking whether the compiler supports GNU C... yes
checking whether clang accepts -g... yes
checking for clang option to enable C11 features... none needed
checking whether clang understands -c and -o together... yes
checking dependency style of clang... gcc3
checking for a sed that does not truncate output... /usr/bin/sed
checking how to run the C preprocessor... clang -E
checking for grep that handles long lines and -e... /usr/bin/grep
checking for egrep... /usr/bin/grep -E
checking whether clang is Clang... yes
checking whether Clang needs flag to prevent "argument unused" warning when linking with -pthread... no
checking for joinable pthread attribute... PTHREAD_CREATE_JOINABLE
checking whether more special flags are required for pthreads... no
checking for PTHREAD_PRIO_INHERIT... yes
checking dependency style of clang... gcc3
checking for stdio.h... yes
checking for stdlib.h... yes
checking for string.h... yes
checking for inttypes.h... yes
checking for stdint.h... yes
checking for strings.h... yes
checking for sys/stat.h... yes
checking for sys/types.h... yes
checking for unistd.h... yes
checking for wchar.h... yes
checking for minix/config.h... no
checking whether it is safe to define __EXTENSIONS__... yes
checking whether _XOPEN_SOURCE should be defined... no
checking for variable-length arrays... yes
checking for __wasi__ defined... no
checking for _FORTIFY_SOURCE defined... no
checking whether C compiler accepts -D_FORTIFY_SOURCE=2... yes
checking whether C compiler accepts -fvisibility=hidden... yes
checking whether C compiler accepts -fPIC... yes
checking whether C compiler accepts -fPIE... yes
checking whether the linker accepts -pie... yes
checking whether C compiler accepts -fno-strict-aliasing... yes
checking whether C compiler accepts -fno-strict-overflow... yes
checking whether C compiler accepts -fstack-protector... yes
checking whether the linker accepts -fstack-protector... yes
checking whether C compiler accepts -g -O1 -fno-omit-frame-pointer -fsanitize=address,fuzzer-no-link -fsanitize-coverage=inline-8bit-counters,trace-cmp,trace-div,trace-gep -pthread -fvisibility=hidden -fPIC -fPIE -fno-strict-aliasing -fno-strict-overflow -fstack-protector -Wall... yes
checking whether C compiler accepts -g -O1 -fno-omit-frame-pointer -fsanitize=address,fuzzer-no-link -fsanitize-coverage=inline-8bit-counters,trace-cmp,trace-div,trace-gep -pthread -fvisibility=hidden -fPIC -fPIE -fno-strict-aliasing -fno-strict-overflow -fstack-protector -Wextra... yes
checking for clang... yes
checking whether C compiler accepts -g -O1 -fno-omit-frame-pointer -fsanitize=address,fuzzer-no-link -fsanitize-coverage=inline-8bit-counters,trace-cmp,trace-div,trace-gep -pthread -fvisibility=hidden -fPIC -fPIE -fno-strict-aliasing -fno-strict-overflow -fstack-protector -Wextra -Wno-unknown-warning-option... yes
checking whether C compiler accepts -g -O1 -fno-omit-frame-pointer -fsanitize=address,fuzzer-no-link -fsanitize-coverage=inline-8bit-counters,trace-cmp,trace-div,trace-gep -pthread -fvisibility=hidden -fPIC -fPIE -fno-strict-aliasing -fno-strict-overflow -fstack-protector -Wextra -Wno-unknown-warning-option -Wbad-function-cast... yes
checking whether C compiler accepts -g -O1 -fno-omit-frame-pointer -fsanitize=address,fuzzer-no-link -fsanitize-coverage=inline-8bit-counters,trace-cmp,trace-div,trace-gep -pthread -fvisibility=hidden -fPIC -fPIE -fno-strict-aliasing -fno-strict-overflow -fstack-protector -Wextra -Wno-unknown-warning-option -Wbad-function-cast -Wcast-qual... yes
checking whether C compiler accepts -g -O1 -fno-omit-frame-pointer -fsanitize=address,fuzzer-no-link -fsanitize-coverage=inline-8bit-counters,trace-cmp,trace-div,trace-gep -pthread -fvisibility=hidden -fPIC -fPIE -fno-strict-aliasing -fno-strict-overflow -fstack-protector -Wextra -Wno-unknown-warning-option -Wbad-function-cast -Wcast-qual -Wdiv-by-zero... yes
checking whether C compiler accepts -g -O1 -fno-omit-frame-pointer -fsanitize=address,fuzzer-no-link -fsanitize-coverage=inline-8bit-counters,trace-cmp,trace-div,trace-gep -pthread -fvisibility=hidden -fPIC -fPIE -fno-strict-aliasing -fno-strict-overflow -fstack-protector -Wextra -Wno-unknown-warning-option -Wbad-function-cast -Wcast-qual -Wdiv-by-zero -Wduplicated-branches... yes
checking whether C compiler accepts -g -O1 -fno-omit-frame-pointer -fsanitize=address,fuzzer-no-link -fsanitize-coverage=inline-8bit-counters,trace-cmp,trace-div,trace-gep -pthread -fvisibility=hidden -fPIC -fPIE -fno-strict-aliasing -fno-strict-overflow -fstack-protector -Wextra -Wno-unknown-warning-option -Wbad-function-cast -Wcast-qual -Wdiv-by-zero -Wduplicated-branches -Wduplicated-cond... yes
checking whether C compiler accepts -g -O1 -fno-omit-frame-pointer -fsanitize=address,fuzzer-no-link -fsanitize-coverage=inline-8bit-counters,trace-cmp,trace-div,trace-gep -pthread -fvisibility=hidden -fPIC -fPIE -fno-strict-aliasing -fno-strict-overflow -fstack-protector -Wextra -Wno-unknown-warning-option -Wbad-function-cast -Wcast-qual -Wdiv-by-zero -Wduplicated-branches -Wduplicated-cond -Wfloat-equal... yes
checking whether C compiler accepts -g -O1 -fno-omit-frame-pointer -fsanitize=address,fuzzer-no-link -fsanitize-coverage=inline-8bit-counters,trace-cmp,trace-div,trace-gep -pthread -fvisibility=hidden -fPIC -fPIE -fno-strict-aliasing -fno-strict-overflow -fstack-protector -Wextra -Wno-unknown-warning-option -Wbad-function-cast -Wcast-qual -Wdiv-by-zero -Wduplicated-branches -Wduplicated-cond -Wfloat-equal -Wformat=2... yes
checking whether C compiler accepts -g -O1 -fno-omit-frame-pointer -fsanitize=address,fuzzer-no-link -fsanitize-coverage=inline-8bit-counters,trace-cmp,trace-div,trace-gep -pthread -fvisibility=hidden -fPIC -fPIE -fno-strict-aliasing -fno-strict-overflow -fstack-protector -Wextra -Wno-unknown-warning-option -Wbad-function-cast -Wcast-qual -Wdiv-by-zero -Wduplicated-branches -Wduplicated-cond -Wfloat-equal -Wformat=2 -Wlogical-op... yes
checking whether C compiler accepts -g -O1 -fno-omit-frame-pointer -fsanitize=address,fuzzer-no-link -fsanitize-coverage=inline-8bit-counters,trace-cmp,trace-div,trace-gep -pthread -fvisibility=hidden -fPIC -fPIE -fno-strict-aliasing -fno-strict-overflow -fstack-protector -Wextra -Wno-unknown-warning-option -Wbad-function-cast -Wcast-qual -Wdiv-by-zero -Wduplicated-branches -Wduplicated-cond -Wfloat-equal -Wformat=2 -Wlogical-op -Wmaybe-uninitialized... yes
checking whether C compiler accepts -g -O1 -fno-omit-frame-pointer -fsanitize=address,fuzzer-no-link -fsanitize-coverage=inline-8bit-counters,trace-cmp,trace-div,trace-gep -pthread -fvisibility=hidden -fPIC -fPIE -fno-strict-aliasing -fno-strict-overflow -fstack-protector -Wextra -Wno-unknown-warning-option -Wbad-function-cast -Wcast-qual -Wdiv-by-zero -Wduplicated-branches -Wduplicated-cond -Wfloat-equal -Wformat=2 -Wlogical-op -Wmaybe-uninitialized -Wmisleading-indentation... yes
checking whether C compiler accepts -g -O1 -fno-omit-frame-pointer -fsanitize=address,fuzzer-no-link -fsanitize-coverage=inline-8bit-counters,trace-cmp,trace-div,trace-gep -pthread -fvisibility=hidden -fPIC -fPIE -fno-strict-aliasing -fno-strict-overflow -fstack-protector -Wextra -Wno-unknown-warning-option -Wbad-function-cast -Wcast-qual -Wdiv-by-zero -Wduplicated-branches -Wduplicated-cond -Wfloat-equal -Wformat=2 -Wlogical-op -Wmaybe-uninitialized -Wmisleading-indentation -Wmissing-declarations... yes
checking whether C compiler accepts -g -O1 -fno-omit-frame-pointer -fsanitize=address,fuzzer-no-link -fsanitize-coverage=inline-8bit-counters,trace-cmp,trace-div,trace-gep -pthread -fvisibility=hidden -fPIC -fPIE -fno-strict-aliasing -fno-strict-overflow -fstack-protector -Wextra -Wno-unknown-warning-option -Wbad-function-cast -Wcast-qual -Wdiv-by-zero -Wduplicated-branches -Wduplicated-cond -Wfloat-equal -Wformat=2 -Wlogical-op -Wmaybe-uninitialized -Wmisleading-indentation -Wmissing-declarations -Wmissing-prototypes... yes
checking whether C compiler accepts -g -O1 -fno-omit-frame-pointer -fsanitize=address,fuzzer-no-link -fsanitize-coverage=inline-8bit-counters,trace-cmp,trace-div,trace-gep -pthread -fvisibility=hidden -fPIC -fPIE -fno-strict-aliasing -fno-strict-overflow -fstack-protector -Wextra -Wno-unknown-warning-option -Wbad-function-cast -Wcast-qual -Wdiv-by-zero -Wduplicated-branches -Wduplicated-cond -Wfloat-equal -Wformat=2 -Wlogical-op -Wmaybe-uninitialized -Wmisleading-indentation -Wmissing-declarations -Wmissing-prototypes -Wnested-externs... yes
checking whether C compiler accepts -g -O1 -fno-omit-frame-pointer -fsanitize=address,fuzzer-no-link -fsanitize-coverage=inline-8bit-counters,trace-cmp,trace-div,trace-gep -pthread -fvisibility=hidden -fPIC -fPIE -fno-strict-aliasing -fno-strict-overflow -fstack-protector -Wextra -Wno-unknown-warning-option -Wbad-function-cast -Wcast-qual -Wdiv-by-zero -Wduplicated-branches -Wduplicated-cond -Wfloat-equal -Wformat=2 -Wlogical-op -Wmaybe-uninitialized -Wmisleading-indentation -Wmissing-declarations -Wmissing-prototypes -Wnested-externs -Wno-type-limits... yes
checking whether C compiler accepts -g -O1 -fno-omit-frame-pointer -fsanitize=address,fuzzer-no-link -fsanitize-coverage=inline-8bit-counters,trace-cmp,trace-div,trace-gep -pthread -fvisibility=hidden -fPIC -fPIE -fno-strict-aliasing -fno-strict-overflow -fstack-protector -Wextra -Wno-unknown-warning-option -Wbad-function-cast -Wcast-qual -Wdiv-by-zero -Wduplicated-branches -Wduplicated-cond -Wfloat-equal -Wformat=2 -Wlogical-op -Wmaybe-uninitialized -Wmisleading-indentation -Wmissing-declarations -Wmissing-prototypes -Wnested-externs -Wno-type-limits -Wno-unknown-pragmas... yes
checking whether C compiler accepts -g -O1 -fno-omit-frame-pointer -fsanitize=address,fuzzer-no-link -fsanitize-coverage=inline-8bit-counters,trace-cmp,trace-div,trace-gep -pthread -fvisibility=hidden -fPIC -fPIE -fno-strict-aliasing -fno-strict-overflow -fstack-protector -Wextra -Wno-unknown-warning-option -Wbad-function-cast -Wcast-qual -Wdiv-by-zero -Wduplicated-branches -Wduplicated-cond -Wfloat-equal -Wformat=2 -Wlogical-op -Wmaybe-uninitialized -Wmisleading-indentation -Wmissing-declarations -Wmissing-prototypes -Wnested-externs -Wno-type-limits -Wno-unknown-pragmas -Wnormalized=id... yes
checking whether C compiler accepts -g -O1 -fno-omit-frame-pointer -fsanitize=address,fuzzer-no-link -fsanitize-coverage=inline-8bit-counters,trace-cmp,trace-div,trace-gep -pthread -fvisibility=hidden -fPIC -fPIE -fno-strict-aliasing -fno-strict-overflow -fstack-protector -Wextra -Wno-unknown-warning-option -Wbad-function-cast -Wcast-qual -Wdiv-by-zero -Wduplicated-branches -Wduplicated-cond -Wfloat-equal -Wformat=2 -Wlogical-op -Wmaybe-uninitialized -Wmisleading-indentation -Wmissing-declarations -Wmissing-prototypes -Wnested-externs -Wno-type-limits -Wno-unknown-pragmas -Wnormalized=id -Wnull-dereference... yes
checking whether C compiler accepts -g -O1 -fno-omit-frame-pointer -fsanitize=address,fuzzer-no-link -fsanitize-coverage=inline-8bit-counters,trace-cmp,trace-div,trace-gep -pthread -fvisibility=hidden -fPIC -fPIE -fno-strict-aliasing -fno-strict-overflow -fstack-protector -Wextra -Wno-unknown-warning-option -Wbad-function-cast -Wcast-qual -Wdiv-by-zero -Wduplicated-branches -Wduplicated-cond -Wfloat-equal -Wformat=2 -Wlogical-op -Wmaybe-uninitialized -Wmisleading-indentation -Wmissing-declarations -Wmissing-prototypes -Wnested-externs -Wno-type-limits -Wno-unknown-pragmas -Wnormalized=id -Wnull-dereference -Wold-style-declaration... yes
checking whether C compiler accepts -g -O1 -fno-omit-frame-pointer -fsanitize=address,fuzzer-no-link -fsanitize-coverage=inline-8bit-counters,trace-cmp,trace-div,trace-gep -pthread -fvisibility=hidden -fPIC -fPIE -fno-strict-aliasing -fno-strict-overflow -fstack-protector -Wextra -Wno-unknown-warning-option -Wbad-function-cast -Wcast-qual -Wdiv-by-zero -Wduplicated-branches -Wduplicated-cond -Wfloat-equal -Wformat=2 -Wlogical-op -Wmaybe-uninitialized -Wmisleading-indentation -Wmissing-declarations -Wmissing-prototypes -Wnested-externs -Wno-type-limits -Wno-unknown-pragmas -Wnormalized=id -Wnull-dereference -Wold-style-declaration -Wpointer-arith... yes
checking whether C compiler accepts -g -O1 -fno-omit-frame-pointer -fsanitize=address,fuzzer-no-link -fsanitize-coverage=inline-8bit-counters,trace-cmp,trace-div,trace-gep -pthread -fvisibility=hidden -fPIC -fPIE -fno-strict-aliasing -fno-strict-overflow -fstack-protector -Wextra -Wno-unknown-warning-option -Wbad-function-cast -Wcast-qual -Wdiv-by-zero -Wduplicated-branches -Wduplicated-cond -Wfloat-equal -Wformat=2 -Wlogical-op -Wmaybe-uninitialized -Wmisleading-indentation -Wmissing-declarations -Wmissing-prototypes -Wnested-externs -Wno-type-limits -Wno-unknown-pragmas -Wnormalized=id -Wnull-dereference -Wold-style-declaration -Wpointer-arith -Wredundant-decls... yes
checking whether C compiler accepts -g -O1 -fno-omit-frame-pointer -fsanitize=address,fuzzer-no-link -fsanitize-coverage=inline-8bit-counters,trace-cmp,trace-div,trace-gep -pthread -fvisibility=hidden -fPIC -fPIE -fno-strict-aliasing -fno-strict-overflow -fstack-protector -Wextra -Wno-unknown-warning-option -Wbad-function-cast -Wcast-qual -Wdiv-by-zero -Wduplicated-branches -Wduplicated-cond -Wfloat-equal -Wformat=2 -Wlogical-op -Wmaybe-uninitialized -Wmisleading-indentation -Wmissing-declarations -Wmissing-prototypes -Wnested-externs -Wno-type-limits -Wno-unknown-pragmas -Wnormalized=id -Wnull-dereference -Wold-style-declaration -Wpointer-arith -Wredundant-decls -Wrestrict... yes
checking whether C compiler accepts -g -O1 -fno-omit-frame-pointer -fsanitize=address,fuzzer-no-link -fsanitize-coverage=inline-8bit-counters,trace-cmp,trace-div,trace-gep -pthread -fvisibility=hidden -fPIC -fPIE -fno-strict-aliasing -fno-strict-overflow -fstack-protector -Wextra -Wno-unknown-warning-option -Wbad-function-cast -Wcast-qual -Wdiv-by-zero -Wduplicated-branches -Wduplicated-cond -Wfloat-equal -Wformat=2 -Wlogical-op -Wmaybe-uninitialized -Wmisleading-indentation -Wmissing-declarations -Wmissing-prototypes -Wnested-externs -Wno-type-limits -Wno-unknown-pragmas -Wnormalized=id -Wnull-dereference -Wold-style-declaration -Wpointer-arith -Wredundant-decls -Wrestrict -Wshorten-64-to-32... yes
checking whether C compiler accepts -g -O1 -fno-omit-frame-pointer -fsanitize=address,fuzzer-no-link -fsanitize-coverage=inline-8bit-counters,trace-cmp,trace-div,trace-gep -pthread -fvisibility=hidden -fPIC -fPIE -fno-strict-aliasing -fno-strict-overflow -fstack-protector -Wextra -Wno-unknown-warning-option -Wbad-function-cast -Wcast-qual -Wdiv-by-zero -Wduplicated-branches -Wduplicated-cond -Wfloat-equal -Wformat=2 -Wlogical-op -Wmaybe-uninitialized -Wmisleading-indentation -Wmissing-declarations -Wmissing-prototypes -Wnested-externs -Wno-type-limits -Wno-unknown-pragmas -Wnormalized=id -Wnull-dereference -Wold-style-declaration -Wpointer-arith -Wredundant-decls -Wrestrict -Wshorten-64-to-32 -Wsometimes-uninitialized... yes
checking whether C compiler accepts -g -O1 -fno-omit-frame-pointer -fsanitize=address,fuzzer-no-link -fsanitize-coverage=inline-8bit-counters,trace-cmp,trace-div,trace-gep -pthread -fvisibility=hidden -fPIC -fPIE -fno-strict-aliasing -fno-strict-overflow -fstack-protector -Wextra -Wno-unknown-warning-option -Wbad-function-cast -Wcast-qual -Wdiv-by-zero -Wduplicated-branches -Wduplicated-cond -Wfloat-equal -Wformat=2 -Wlogical-op -Wmaybe-uninitialized -Wmisleading-indentation -Wmissing-declarations -Wmissing-prototypes -Wnested-externs -Wno-type-limits -Wno-unknown-pragmas -Wnormalized=id -Wnull-dereference -Wold-style-declaration -Wpointer-arith -Wredundant-decls -Wrestrict -Wshorten-64-to-32 -Wsometimes-uninitialized -Wstrict-prototypes... yes
checking whether C compiler accepts -g -O1 -fno-omit-frame-pointer -fsanitize=address,fuzzer-no-link -fsanitize-coverage=inline-8bit-counters,trace-cmp,trace-div,trace-gep -pthread -fvisibility=hidden -fPIC -fPIE -fno-strict-aliasing -fno-strict-overflow -fstack-protector -Wextra -Wno-unknown-warning-option -Wbad-function-cast -Wcast-qual -Wdiv-by-zero -Wduplicated-branches -Wduplicated-cond -Wfloat-equal -Wformat=2 -Wlogical-op -Wmaybe-uninitialized -Wmisleading-indentation -Wmissing-declarations -Wmissing-prototypes -Wnested-externs -Wno-type-limits -Wno-unknown-pragmas -Wnormalized=id -Wnull-dereference -Wold-style-declaration -Wpointer-arith -Wredundant-decls -Wrestrict -Wshorten-64-to-32 -Wsometimes-uninitialized -Wstrict-prototypes -Wswitch-enum... yes
checking whether C compiler accepts -g -O1 -fno-omit-frame-pointer -fsanitize=address,fuzzer-no-link -fsanitize-coverage=inline-8bit-counters,trace-cmp,trace-div,trace-gep -pthread -fvisibility=hidden -fPIC -fPIE -fno-strict-aliasing -fno-strict-overflow -fstack-protector -Wextra -Wno-unknown-warning-option -Wbad-function-cast -Wcast-qual -Wdiv-by-zero -Wduplicated-branches -Wduplicated-cond -Wfloat-equal -Wformat=2 -Wlogical-op -Wmaybe-uninitialized -Wmisleading-indentation -Wmissing-declarations -Wmissing-prototypes -Wnested-externs -Wno-type-limits -Wno-unknown-pragmas -Wnormalized=id -Wnull-dereference -Wold-style-declaration -Wpointer-arith -Wredundant-decls -Wrestrict -Wshorten-64-to-32 -Wsometimes-uninitialized -Wstrict-prototypes -Wswitch-enum -Wvariable-decl... yes
checking whether C compiler accepts -g -O1 -fno-omit-frame-pointer -fsanitize=address,fuzzer-no-link -fsanitize-coverage=inline-8bit-counters,trace-cmp,trace-div,trace-gep -pthread -fvisibility=hidden -fPIC -fPIE -fno-strict-aliasing -fno-strict-overflow -fstack-protector -Wextra -Wno-unknown-warning-option -Wbad-function-cast -Wcast-qual -Wdiv-by-zero -Wduplicated-branches -Wduplicated-cond -Wfloat-equal -Wformat=2 -Wlogical-op -Wmaybe-uninitialized -Wmisleading-indentation -Wmissing-declarations -Wmissing-prototypes -Wnested-externs -Wno-type-limits -Wno-unknown-pragmas -Wnormalized=id -Wnull-dereference -Wold-style-declaration -Wpointer-arith -Wredundant-decls -Wrestrict -Wshorten-64-to-32 -Wsometimes-uninitialized -Wstrict-prototypes -Wswitch-enum -Wvariable-decl -Wwrite-strings... yes
checking whether the linker accepts -Wl,-z,relro... yes
checking whether the linker accepts -Wl,-z,now... yes
checking whether the linker accepts -Wl,-z,noexecstack... yes
checking whether segmentation violations can be caught when using the C compiler... no
configure: WARNING: On this platform, segmentation violations cannot be caught using signal handlers. This is expected if you enabled a tool such as Address Sanitizer (-fsanitize=address), but be aware that using Address Sanitizer may also significantly reduce performance.
checking whether SIGABRT can be caught when using the C compiler... yes
checking for thread local storage (TLS) class... _Thread_local
thread local storage is supported
checking whether C compiler accepts -ftls-model=local-dynamic... yes
checking how to print strings... printf
checking for a sed that does not truncate output... (cached) /usr/bin/sed
checking for fgrep... /usr/bin/grep -F
checking for ld used by clang... /usr/bin/ld
checking if the linker (/usr/bin/ld) is GNU ld... yes
checking for BSD- or MS-compatible name lister (nm)... /usr/bin/nm -B
checking the name lister (/usr/bin/nm -B) interface... BSD nm
checking whether ln -s works... yes
checking the maximum length of command line arguments... 1572864
checking how to convert x86_64-pc-linux-gnu file names to x86_64-pc-linux-gnu format... func_convert_file_noop
checking how to convert x86_64-pc-linux-gnu file names to toolchain format... func_convert_file_noop
checking for /usr/bin/ld option to reload object files... -r
checking for file... file
checking for objdump... objdump
checking how to recognize dependent libraries... pass_all
checking for dlltool... no
checking how to associate runtime and link libraries... printf %s\n
checking for ar... ar
checking for archiver @FILE support... @
checking for strip... strip
checking for ranlib... ranlib
checking command to parse /usr/bin/nm -B output from clang object... ok
checking for sysroot... no
checking for a working dd... /usr/bin/dd
checking how to truncate binary pipes... /usr/bin/dd bs=4096 count=1
checking for mt... mt
checking if mt is a manifest tool... no
checking for dlfcn.h... yes
checking for objdir... .libs
checking if clang supports -fno-rtti -fno-exceptions... yes
checking for clang option to produce PIC... -fPIC -DPIC
checking if clang PIC flag -fPIC -DPIC works... yes
checking if clang static flag -static works... no
checking if clang supports -c -o file.o... yes
checking if clang supports -c -o file.o... (cached) yes
checking whether the clang linker (/usr/bin/ld -m elf_x86_64) supports shared libraries... yes
checking dynamic linker characteristics... GNU/Linux ld.so
checking how to hardcode library paths into programs... immediate
checking whether stripping libraries is possible... yes
checking if libtool supports shared libraries... yes
checking whether to build shared libraries... no
checking whether to build static libraries... yes
checking for ar... (cached) ar
checking whether C compiler accepts -mmmx... yes
checking for MMX instructions set... yes
checking whether C compiler accepts -mmmx... (cached) yes
checking whether C compiler accepts -msse2... yes
checking for SSE2 instructions set... yes
checking whether C compiler accepts -msse2... (cached) yes
checking whether C compiler accepts -msse3... yes
checking for SSE3 instructions set... yes
checking whether C compiler accepts -msse3... (cached) yes
checking whether C compiler accepts -mssse3... yes
checking for SSSE3 instructions set... yes
checking whether C compiler accepts -mssse3... (cached) yes
checking whether C compiler accepts -msse4.1... yes
checking for SSE4.1 instructions set... yes
checking whether C compiler accepts -msse4.1... (cached) yes
checking whether C compiler accepts -mavx... yes
checking for AVX instructions set... yes
checking whether C compiler accepts -mavx... (cached) yes
checking whether C compiler accepts -mavx2... yes
checking for AVX2 instructions set... yes
checking whether C compiler accepts -mavx2... (cached) yes
checking if _mm256_broadcastsi128_si256 is correctly defined... yes
checking whether C compiler accepts -mavx512f... yes
checking for AVX512F instructions set... yes
checking whether C compiler accepts -mavx512f... (cached) yes
checking whether C compiler accepts -maes... yes
checking whether C compiler accepts -mpclmul... yes
checking for AESNI instructions set and PCLMULQDQ... yes
checking whether C compiler accepts -maes... (cached) yes
checking whether C compiler accepts -mpclmul... (cached) yes
checking whether C compiler accepts -mrdrnd... yes
checking for RDRAND... yes
checking whether C compiler accepts -mrdrnd... (cached) yes
checking for sys/mman.h... yes
checking for sys/random.h... yes
checking for intrin.h... no
checking if _xgetbv() is available... no
checking for inline... inline
checking whether byte ordering is bigendian... (cached) no
checking whether __STDC_LIMIT_MACROS is required... no
checking whether we can use inline asm code... yes
no
checking for 128-bit arithmetic... yes
checking if weak symbols are supported... yes
checking if data alignment is required... no
checking if atomic operations are supported... yes
checking for size_t... yes
checking for working alloca.h... yes
checking for alloca... yes
checking for arc4random... yes
checking for arc4random_buf... yes
checking for mmap... yes
checking for mlock... yes
checking for madvise... yes
checking for mprotect... yes
checking for getrandom with a standard API... yes
checking for getrandom... yes
checking for getentropy with a standard API... yes
checking for getentropy... yes
checking for posix_memalign... yes
checking for getpid... yes
checking for nanosleep... yes
checking for memset_s... no
checking for explicit_bzero... yes
checking for explicit_memset... no
checking if gcc/ld supports -Wl,--output-def... not needed, shared libraries are disabled
checking that generated files are newer than configure... done
configure: creating ./config.status
config.status: creating Makefile
config.status: creating builds/Makefile
config.status: creating contrib/Makefile
config.status: creating dist-build/Makefile
config.status: creating libsodium.pc
config.status: creating libsodium-uninstalled.pc
config.status: creating msvc-scripts/Makefile
config.status: creating src/Makefile
config.status: creating src/libsodium/Makefile
config.status: creating src/libsodium/include/Makefile
config.status: creating src/libsodium/include/sodium/version.h
config.status: creating test/default/Makefile
config.status: creating test/Makefile
config.status: executing depfiles commands
config.status: executing libtool commands
